#
# There is insufficient memory for the Java Runtime Environment to continue.
# Native memory allocation (malloc) failed to allocate 1052320 bytes for Chunk::new
# Possible reasons:
#   The system is out of physical RAM or swap space
#   The process is running with CompressedOops enabled, and the Java Heap may be blocking the growth of the native heap
# Possible solutions:
#   Reduce memory load on the system
#   Increase physical memory or swap space
#   Check if swap backing store is full
#   Decrease Java heap size (-Xmx/-Xms)
#   Decrease number of Java threads
#   Decrease Java thread stack sizes (-Xss)
#   Set larger code cache with -XX:ReservedCodeCacheSize=
#   JVM is running with Unscaled Compressed Oops mode in which the Java heap is
#     placed in the first 4GB address space. The Java Heap base address is the
#     maximum limit for the native heap growth. Please use -XX:HeapBaseMinAddress
#     to set the Java Heap base and to place the Java Heap above 4GB virtual address.
# This output file may be truncated or incomplete.
#
#  Out of Memory Error (arena.cpp:189), pid=6896, tid=3580
#
# JRE version: Java(TM) SE Runtime Environment (17.0.9+11) (build 17.0.9+11-LTS-201)
# Java VM: Java HotSpot(TM) 64-Bit Server VM (17.0.9+11-LTS-201, mixed mode, sharing, tiered, compressed oops, compressed class ptrs, g1 gc, windows-amd64)
# No core dump will be written. Minidumps are not enabled by default on client versions of Windows
#

---------------  S U M M A R Y ------------

Command Line: -Dfile.encoding=windows-1252 -Duser.country=US -Duser.language=en -Duser.variant com.noodle.DesktopLauncher

Host: Intel(R) Pentium(R) CPU 4415Y @ 1.60GHz, 4 cores, 3G,  Windows 10 , 64 bit Build 19041 (10.0.19041.3636)
Time: Sat Jan 27 15:57:54 2024 India Standard Time elapsed time: 103.908169 seconds (0d 0h 1m 43s)

---------------  T H R E A D  ---------------

Current thread (0x000002007aaacc50):  JavaThread "C2 CompilerThread0" daemon [_thread_in_native, id=3580, stack(0x0000005b52600000,0x0000005b52700000)]


Current CompileTask:
C2: 103909 1680  s!   4       com.badlogic.gdx.assets.AssetManager::update (104 bytes)

Stack: [0x0000005b52600000,0x0000005b52700000]
Native frames: (J=compiled Java code, j=interpreted, Vv=VM code, C=native code)
V  [jvm.dll+0x678a4a]
V  [jvm.dll+0x7d9cfd]
V  [jvm.dll+0x7db60e]
V  [jvm.dll+0x7dbc73]
V  [jvm.dll+0x245e1f]
V  [jvm.dll+0xaaafb]
V  [jvm.dll+0xab09c]
V  [jvm.dll+0x36237e]
V  [jvm.dll+0x32ca01]
V  [jvm.dll+0x32be9a]
V  [jvm.dll+0x21812f]
V  [jvm.dll+0x217561]
V  [jvm.dll+0x1a3bc0]
V  [jvm.dll+0x2272de]
V  [jvm.dll+0x22548b]
V  [jvm.dll+0x78f58c]
V  [jvm.dll+0x78998a]
V  [jvm.dll+0x677875]
C  [ucrtbase.dll+0x21bb2]
C  [KERNEL32.DLL+0x17344]
C  [ntdll.dll+0x526b1]


---------------  P R O C E S S  ---------------

Threads class SMR info:
_java_thread_list=0x000002007ab14040, length=14, elements={
0x000002005f892430, 0x000002005f94f9c0, 0x000002005f950ef0, 0x000002007aaa3660,
0x000002007aaa6040, 0x000002007aaa70b0, 0x000002007aaa8120, 0x000002007aaacc50,
0x000002007aab01c0, 0x000002007aabda20, 0x000002007f062610, 0x000002007f06f6f0,
0x00000200426634c0, 0x00000200426639a0
}

Java Threads: ( => current thread )
  0x000002005f892430 JavaThread "main" [_thread_in_native, id=1828, stack(0x0000005b51900000,0x0000005b51a00000)]
  0x000002005f94f9c0 JavaThread "Reference Handler" daemon [_thread_blocked, id=11520, stack(0x0000005b52000000,0x0000005b52100000)]
  0x000002005f950ef0 JavaThread "Finalizer" daemon [_thread_blocked, id=6764, stack(0x0000005b52100000,0x0000005b52200000)]
  0x000002007aaa3660 JavaThread "Signal Dispatcher" daemon [_thread_blocked, id=8612, stack(0x0000005b52200000,0x0000005b52300000)]
  0x000002007aaa6040 JavaThread "Attach Listener" daemon [_thread_blocked, id=9608, stack(0x0000005b52300000,0x0000005b52400000)]
  0x000002007aaa70b0 JavaThread "Service Thread" daemon [_thread_blocked, id=13632, stack(0x0000005b52400000,0x0000005b52500000)]
  0x000002007aaa8120 JavaThread "Monitor Deflation Thread" daemon [_thread_blocked, id=928, stack(0x0000005b52500000,0x0000005b52600000)]
=>0x000002007aaacc50 JavaThread "C2 CompilerThread0" daemon [_thread_in_native, id=3580, stack(0x0000005b52600000,0x0000005b52700000)]
  0x000002007aab01c0 JavaThread "C1 CompilerThread0" daemon [_thread_blocked, id=14092, stack(0x0000005b52700000,0x0000005b52800000)]
  0x000002007aabda20 JavaThread "Sweeper thread" daemon [_thread_blocked, id=12428, stack(0x0000005b52800000,0x0000005b52900000)]
  0x000002007f062610 JavaThread "Notification Thread" daemon [_thread_blocked, id=5416, stack(0x0000005b52900000,0x0000005b52a00000)]
  0x000002007f06f6f0 JavaThread "Common-Cleaner" daemon [_thread_blocked, id=8976, stack(0x0000005b52b00000,0x0000005b52c00000)]
  0x00000200426634c0 JavaThread "AssetManager" daemon [_thread_blocked, id=476, stack(0x0000005b53900000,0x0000005b53a00000)]
  0x00000200426639a0 JavaThread "LWJGL3 Timer" daemon [_thread_blocked, id=13096, stack(0x0000005b53a00000,0x0000005b53b00000)]

Other Threads:
  0x000002005f947f30 VMThread "VM Thread" [stack: 0x0000005b51f00000,0x0000005b52000000] [id=3096]
  0x000002005f8e0d20 WatcherThread [stack: 0x0000005b52a00000,0x0000005b52b00000] [id=1480]
  0x000002005f8cecc0 GCTaskThread "GC Thread#0" [stack: 0x0000005b51a00000,0x0000005b51b00000] [id=8996]
  0x000002004240e490 GCTaskThread "GC Thread#1" [stack: 0x0000005b53600000,0x0000005b53700000] [id=12416]
  0x00000200425f8b30 GCTaskThread "GC Thread#2" [stack: 0x0000005b53700000,0x0000005b53800000] [id=12948]
  0x00000200425d8390 GCTaskThread "GC Thread#3" [stack: 0x0000005b53800000,0x0000005b53900000] [id=2448]
  0x000002005f8d77a0 ConcurrentGCThread "G1 Main Marker" [stack: 0x0000005b51b00000,0x0000005b51c00000] [id=7256]
  0x000002005f8d90d0 ConcurrentGCThread "G1 Conc#0" [stack: 0x0000005b51c00000,0x0000005b51d00000] [id=9756]
  0x000002005f929600 ConcurrentGCThread "G1 Refine#0" [stack: 0x0000005b51d00000,0x0000005b51e00000] [id=7040]
  0x000002005f929f40 ConcurrentGCThread "G1 Service" [stack: 0x0000005b51e00000,0x0000005b51f00000] [id=8440]

Threads with active compile tasks:
C2 CompilerThread0   104218 1680  s!   4       com.badlogic.gdx.assets.AssetManager::update (104 bytes)

VM state: not at safepoint (normal execution)

VM Mutex/Monitor currently owned by a thread: None

Heap address: 0x00000000c1c00000, size: 996 MB, Compressed Oops mode: 32-bit

CDS archive(s) mapped at: [0x0000020000000000-0x0000020000bd0000-0x0000020000bd0000), size 12386304, SharedBaseAddress: 0x0000020000000000, ArchiveRelocationMode: 1.
Compressed class space mapped at: 0x0000020001000000-0x0000020041000000, reserved size: 1073741824
Narrow klass base: 0x0000020000000000, Narrow klass shift: 0, Narrow klass range: 0x100000000

GC Precious Log:
 CPUs: 4 total, 4 available
 Memory: 3980M
 Large Page Support: Disabled
 NUMA Support: Disabled
 Compressed Oops: Enabled (32-bit)
 Heap Region Size: 1M
 Heap Min Capacity: 8M
 Heap Initial Capacity: 64M
 Heap Max Capacity: 996M
 Pre-touch: Disabled
 Parallel Workers: 4
 Concurrent Workers: 1
 Concurrent Refinement Workers: 4
 Periodic GC: Disabled

Heap:
 garbage-first heap   total 65536K, used 20868K [0x00000000c1c00000, 0x0000000100000000)
  region size 1024K, 21 young (21504K), 2 survivors (2048K)
 Metaspace       used 7448K, committed 7616K, reserved 1114112K
  class space    used 559K, committed 640K, reserved 1048576K

Heap Regions: E=young(eden), S=young(survivor), O=old, HS=humongous(starts), HC=humongous(continues), CS=collection set, F=free, OA=open archive, CA=closed archive, TAMS=top-at-mark-start (previous, next)
|   0|0x00000000c1c00000, 0x00000000c1d00000, 0x00000000c1d00000|100%| O|  |TAMS 0x00000000c1c00000, 0x00000000c1d00000| Untracked 
|   1|0x00000000c1d00000, 0x00000000c1e00000, 0x00000000c1e00000|100%| O|  |TAMS 0x00000000c1d00000, 0x00000000c1e00000| Untracked 
|   2|0x00000000c1e00000, 0x00000000c1e1de00, 0x00000000c1f00000| 11%| O|  |TAMS 0x00000000c1e00000, 0x00000000c1e1de00| Untracked 
|   3|0x00000000c1f00000, 0x00000000c1f00000, 0x00000000c2000000|  0%| F|  |TAMS 0x00000000c1f00000, 0x00000000c1f00000| Untracked 
|   4|0x00000000c2000000, 0x00000000c2000000, 0x00000000c2100000|  0%| F|  |TAMS 0x00000000c2000000, 0x00000000c2000000| Untracked 
|   5|0x00000000c2100000, 0x00000000c2100000, 0x00000000c2200000|  0%| F|  |TAMS 0x00000000c2100000, 0x00000000c2100000| Untracked 
|   6|0x00000000c2200000, 0x00000000c2200000, 0x00000000c2300000|  0%| F|  |TAMS 0x00000000c2200000, 0x00000000c2200000| Untracked 
|   7|0x00000000c2300000, 0x00000000c2300000, 0x00000000c2400000|  0%| F|  |TAMS 0x00000000c2300000, 0x00000000c2300000| Untracked 
|   8|0x00000000c2400000, 0x00000000c2400000, 0x00000000c2500000|  0%| F|  |TAMS 0x00000000c2400000, 0x00000000c2400000| Untracked 
|   9|0x00000000c2500000, 0x00000000c2500000, 0x00000000c2600000|  0%| F|  |TAMS 0x00000000c2500000, 0x00000000c2500000| Untracked 
|  10|0x00000000c2600000, 0x00000000c2600000, 0x00000000c2700000|  0%| F|  |TAMS 0x00000000c2600000, 0x00000000c2600000| Untracked 
|  11|0x00000000c2700000, 0x00000000c2700000, 0x00000000c2800000|  0%| F|  |TAMS 0x00000000c2700000, 0x00000000c2700000| Untracked 
|  12|0x00000000c2800000, 0x00000000c2800000, 0x00000000c2900000|  0%| F|  |TAMS 0x00000000c2800000, 0x00000000c2800000| Untracked 
|  13|0x00000000c2900000, 0x00000000c2900000, 0x00000000c2a00000|  0%| F|  |TAMS 0x00000000c2900000, 0x00000000c2900000| Untracked 
|  14|0x00000000c2a00000, 0x00000000c2a00000, 0x00000000c2b00000|  0%| F|  |TAMS 0x00000000c2a00000, 0x00000000c2a00000| Untracked 
|  15|0x00000000c2b00000, 0x00000000c2b00000, 0x00000000c2c00000|  0%| F|  |TAMS 0x00000000c2b00000, 0x00000000c2b00000| Untracked 
|  16|0x00000000c2c00000, 0x00000000c2c00000, 0x00000000c2d00000|  0%| F|  |TAMS 0x00000000c2c00000, 0x00000000c2c00000| Untracked 
|  17|0x00000000c2d00000, 0x00000000c2d00000, 0x00000000c2e00000|  0%| F|  |TAMS 0x00000000c2d00000, 0x00000000c2d00000| Untracked 
|  18|0x00000000c2e00000, 0x00000000c2e00000, 0x00000000c2f00000|  0%| F|  |TAMS 0x00000000c2e00000, 0x00000000c2e00000| Untracked 
|  19|0x00000000c2f00000, 0x00000000c2f00000, 0x00000000c3000000|  0%| F|  |TAMS 0x00000000c2f00000, 0x00000000c2f00000| Untracked 
|  20|0x00000000c3000000, 0x00000000c3000000, 0x00000000c3100000|  0%| F|  |TAMS 0x00000000c3000000, 0x00000000c3000000| Untracked 
|  21|0x00000000c3100000, 0x00000000c3100000, 0x00000000c3200000|  0%| F|  |TAMS 0x00000000c3100000, 0x00000000c3100000| Untracked 
|  22|0x00000000c3200000, 0x00000000c3200000, 0x00000000c3300000|  0%| F|  |TAMS 0x00000000c3200000, 0x00000000c3200000| Untracked 
|  23|0x00000000c3300000, 0x00000000c3300000, 0x00000000c3400000|  0%| F|  |TAMS 0x00000000c3300000, 0x00000000c3300000| Untracked 
|  24|0x00000000c3400000, 0x00000000c3443578, 0x00000000c3500000| 26%| S|CS|TAMS 0x00000000c3400000, 0x00000000c3400000| Complete 
|  25|0x00000000c3500000, 0x00000000c3600000, 0x00000000c3600000|100%| S|CS|TAMS 0x00000000c3500000, 0x00000000c3500000| Complete 
|  26|0x00000000c3600000, 0x00000000c3600000, 0x00000000c3700000|  0%| F|  |TAMS 0x00000000c3600000, 0x00000000c3600000| Untracked 
|  27|0x00000000c3700000, 0x00000000c3700000, 0x00000000c3800000|  0%| F|  |TAMS 0x00000000c3700000, 0x00000000c3700000| Untracked 
|  28|0x00000000c3800000, 0x00000000c3800000, 0x00000000c3900000|  0%| F|  |TAMS 0x00000000c3800000, 0x00000000c3800000| Untracked 
|  29|0x00000000c3900000, 0x00000000c3900000, 0x00000000c3a00000|  0%| F|  |TAMS 0x00000000c3900000, 0x00000000c3900000| Untracked 
|  30|0x00000000c3a00000, 0x00000000c3a00000, 0x00000000c3b00000|  0%| F|  |TAMS 0x00000000c3a00000, 0x00000000c3a00000| Untracked 
|  31|0x00000000c3b00000, 0x00000000c3b00000, 0x00000000c3c00000|  0%| F|  |TAMS 0x00000000c3b00000, 0x00000000c3b00000| Untracked 
|  32|0x00000000c3c00000, 0x00000000c3c00000, 0x00000000c3d00000|  0%| F|  |TAMS 0x00000000c3c00000, 0x00000000c3c00000| Untracked 
|  33|0x00000000c3d00000, 0x00000000c3d00000, 0x00000000c3e00000|  0%| F|  |TAMS 0x00000000c3d00000, 0x00000000c3d00000| Untracked 
|  34|0x00000000c3e00000, 0x00000000c3e00000, 0x00000000c3f00000|  0%| F|  |TAMS 0x00000000c3e00000, 0x00000000c3e00000| Untracked 
|  35|0x00000000c3f00000, 0x00000000c3f00000, 0x00000000c4000000|  0%| F|  |TAMS 0x00000000c3f00000, 0x00000000c3f00000| Untracked 
|  36|0x00000000c4000000, 0x00000000c4000000, 0x00000000c4100000|  0%| F|  |TAMS 0x00000000c4000000, 0x00000000c4000000| Untracked 
|  37|0x00000000c4100000, 0x00000000c4100000, 0x00000000c4200000|  0%| F|  |TAMS 0x00000000c4100000, 0x00000000c4100000| Untracked 
|  38|0x00000000c4200000, 0x00000000c4200000, 0x00000000c4300000|  0%| F|  |TAMS 0x00000000c4200000, 0x00000000c4200000| Untracked 
|  39|0x00000000c4300000, 0x00000000c4300000, 0x00000000c4400000|  0%| F|  |TAMS 0x00000000c4300000, 0x00000000c4300000| Untracked 
|  40|0x00000000c4400000, 0x00000000c4400000, 0x00000000c4500000|  0%| F|  |TAMS 0x00000000c4400000, 0x00000000c4400000| Untracked 
|  41|0x00000000c4500000, 0x00000000c4500000, 0x00000000c4600000|  0%| F|  |TAMS 0x00000000c4500000, 0x00000000c4500000| Untracked 
|  42|0x00000000c4600000, 0x00000000c4600000, 0x00000000c4700000|  0%| F|  |TAMS 0x00000000c4600000, 0x00000000c4600000| Untracked 
|  43|0x00000000c4700000, 0x00000000c4700000, 0x00000000c4800000|  0%| F|  |TAMS 0x00000000c4700000, 0x00000000c4700000| Untracked 
|  44|0x00000000c4800000, 0x00000000c4800000, 0x00000000c4900000|  0%| F|  |TAMS 0x00000000c4800000, 0x00000000c4800000| Untracked 
|  45|0x00000000c4900000, 0x00000000c4a00000, 0x00000000c4a00000|100%| E|  |TAMS 0x00000000c4900000, 0x00000000c4900000| Complete 
|  46|0x00000000c4a00000, 0x00000000c4b00000, 0x00000000c4b00000|100%| E|CS|TAMS 0x00000000c4a00000, 0x00000000c4a00000| Complete 
|  47|0x00000000c4b00000, 0x00000000c4c00000, 0x00000000c4c00000|100%| E|  |TAMS 0x00000000c4b00000, 0x00000000c4b00000| Complete 
|  48|0x00000000c4c00000, 0x00000000c4d00000, 0x00000000c4d00000|100%| E|CS|TAMS 0x00000000c4c00000, 0x00000000c4c00000| Complete 
|  49|0x00000000c4d00000, 0x00000000c4e00000, 0x00000000c4e00000|100%| E|CS|TAMS 0x00000000c4d00000, 0x00000000c4d00000| Complete 
|  50|0x00000000c4e00000, 0x00000000c4f00000, 0x00000000c4f00000|100%| E|CS|TAMS 0x00000000c4e00000, 0x00000000c4e00000| Complete 
|  51|0x00000000c4f00000, 0x00000000c5000000, 0x00000000c5000000|100%| E|CS|TAMS 0x00000000c4f00000, 0x00000000c4f00000| Complete 
|  52|0x00000000c5000000, 0x00000000c5100000, 0x00000000c5100000|100%| E|CS|TAMS 0x00000000c5000000, 0x00000000c5000000| Complete 
|  53|0x00000000c5100000, 0x00000000c5200000, 0x00000000c5200000|100%| E|CS|TAMS 0x00000000c5100000, 0x00000000c5100000| Complete 
|  54|0x00000000c5200000, 0x00000000c5300000, 0x00000000c5300000|100%| E|CS|TAMS 0x00000000c5200000, 0x00000000c5200000| Complete 
|  55|0x00000000c5300000, 0x00000000c5400000, 0x00000000c5400000|100%| E|CS|TAMS 0x00000000c5300000, 0x00000000c5300000| Complete 
|  56|0x00000000c5400000, 0x00000000c5500000, 0x00000000c5500000|100%| E|CS|TAMS 0x00000000c5400000, 0x00000000c5400000| Complete 
|  57|0x00000000c5500000, 0x00000000c5600000, 0x00000000c5600000|100%| E|CS|TAMS 0x00000000c5500000, 0x00000000c5500000| Complete 
|  58|0x00000000c5600000, 0x00000000c5700000, 0x00000000c5700000|100%| E|CS|TAMS 0x00000000c5600000, 0x00000000c5600000| Complete 
|  59|0x00000000c5700000, 0x00000000c5800000, 0x00000000c5800000|100%| E|CS|TAMS 0x00000000c5700000, 0x00000000c5700000| Complete 
|  60|0x00000000c5800000, 0x00000000c5900000, 0x00000000c5900000|100%| E|CS|TAMS 0x00000000c5800000, 0x00000000c5800000| Complete 
|  61|0x00000000c5900000, 0x00000000c5a00000, 0x00000000c5a00000|100%| E|CS|TAMS 0x00000000c5900000, 0x00000000c5900000| Complete 
|  62|0x00000000c5a00000, 0x00000000c5b00000, 0x00000000c5b00000|100%| E|CS|TAMS 0x00000000c5a00000, 0x00000000c5a00000| Complete 
|  63|0x00000000c5b00000, 0x00000000c5c00000, 0x00000000c5c00000|100%| E|CS|TAMS 0x00000000c5b00000, 0x00000000c5b00000| Complete 

Card table byte_map: [0x0000020076330000,0x0000020076530000] _byte_map_base: 0x0000020075d22000

Marking Bits (Prev, Next): (CMBitMap*) 0x000002005f8cf1f0, (CMBitMap*) 0x000002005f8cf230
 Prev Bits: [0x0000020076730000, 0x00000200776c0000)
 Next Bits: [0x00000200776c0000, 0x0000020078650000)

Polling page: 0x000002005d800000

Metaspace:

Usage:
  Non-class:      6.73 MB used.
      Class:    559.21 KB used.
       Both:      7.27 MB used.

Virtual space:
  Non-class space:       64.00 MB reserved,       6.81 MB ( 11%) committed,  1 nodes.
      Class space:        1.00 GB reserved,     640.00 KB ( <1%) committed,  1 nodes.
             Both:        1.06 GB reserved,       7.44 MB ( <1%) committed. 

Chunk freelists:
   Non-Class:  7.27 MB
       Class:  15.34 MB
        Both:  22.61 MB

MaxMetaspaceSize: unlimited
CompressedClassSpaceSize: 1.00 GB
Initial GC threshold: 21.00 MB
Current GC threshold: 21.00 MB
CDS: on
MetaspaceReclaimPolicy: balanced
 - commit_granule_bytes: 65536.
 - commit_granule_words: 8192.
 - virtual_space_node_default_size: 8388608.
 - enlarge_chunks_in_place: 1.
 - new_chunks_are_fully_committed: 0.
 - uncommit_free_chunks: 1.
 - use_allocation_guard: 0.
 - handle_deallocations: 1.


Internal statistics:

num_allocs_failed_limit: 0.
num_arena_births: 64.
num_arena_deaths: 0.
num_vsnodes_births: 2.
num_vsnodes_deaths: 0.
num_space_committed: 117.
num_space_uncommitted: 0.
num_chunks_returned_to_freelist: 0.
num_chunks_taken_from_freelist: 263.
num_chunk_merges: 0.
num_chunk_splits: 200.
num_chunks_enlarged: 165.
num_inconsistent_stats: 0.

CodeHeap 'non-profiled nmethods': size=120000Kb used=810Kb max_used=810Kb free=119189Kb
 bounds [0x000002006ec00000, 0x000002006ee70000, 0x0000020076130000]
CodeHeap 'profiled nmethods': size=120000Kb used=3091Kb max_used=3091Kb free=116908Kb
 bounds [0x0000020067130000, 0x0000020067440000, 0x000002006e660000]
CodeHeap 'non-nmethods': size=5760Kb used=1647Kb max_used=1692Kb free=4113Kb
 bounds [0x000002006e660000, 0x000002006e8d0000, 0x000002006ec00000]
 total_blobs=2776 nmethods=1679 adapters=1011
 compilation: enabled
              stopped_count=0, restarted_count=0
 full_count=0

Compilation events (20 events):
Event: 94.834 Thread 0x000002007aaacc50 nmethod 1670 0x000002006ecbf110 code [0x000002006ecbf3e0, 0x000002006ecbfe30]
Event: 94.834 Thread 0x000002007aaacc50 1671       4       com.badlogic.gdx.math.Matrix4::setToLookAt (49 bytes)
Event: 94.859 Thread 0x000002007aaacc50 nmethod 1671 0x000002006ecc0690 code [0x000002006ecc08c0, 0x000002006ecc0e88]
Event: 94.859 Thread 0x000002007aaacc50 1672       4       com.badlogic.gdx.scenes.scene2d.Stage::draw (70 bytes)
Event: 94.890 Thread 0x000002007aaacc50 nmethod 1672 0x000002006ecc1210 code [0x000002006ecc1460, 0x000002006ecc19a0]
Event: 95.500 Thread 0x000002007aab01c0 1673       3       org.lwjgl.openal.ALC::check (16 bytes)
Event: 95.502 Thread 0x000002007aab01c0 nmethod 1673 0x0000020067434110 code [0x00000200674342c0, 0x00000200674344c8]
Event: 96.550 Thread 0x000002007aaacc50 1674       4       com.badlogic.gdx.scenes.scene2d.ui.Label::draw (140 bytes)
Event: 96.698 Thread 0x000002007aaacc50 nmethod 1674 0x000002006ecc2110 code [0x000002006ecc2340, 0x000002006ecc2df8]
Event: 96.940 Thread 0x000002007aaacc50 1675       4       com.badlogic.gdx.utils.ScreenUtils::clear (9 bytes)
Event: 96.952 Thread 0x000002007aaacc50 nmethod 1675 0x000002006ecc3590 code [0x000002006ecc3740, 0x000002006ecc3878]
Event: 96.952 Thread 0x000002007aaacc50 1676       4       com.badlogic.gdx.utils.ScreenUtils::clear (41 bytes)
Event: 96.955 Thread 0x000002007aaacc50 nmethod 1676 0x000002006ecc3a90 code [0x000002006ecc3c40, 0x000002006ecc3db8]
Event: 96.993 Thread 0x000002007aaacc50 1677       4       java.lang.Math::min (46 bytes)
Event: 96.996 Thread 0x000002007aaacc50 nmethod 1677 0x000002006ecc4010 code [0x000002006ecc41a0, 0x000002006ecc4278]
Event: 97.661 Thread 0x000002007aab01c0 1678       3       com.badlogic.gdx.utils.Pool::reset (17 bytes)
Event: 97.665 Thread 0x000002007aab01c0 nmethod 1678 0x0000020067434590 code [0x0000020067434740, 0x0000020067434b88]
Event: 102.862 Thread 0x000002007aaacc50 1679   !   4       com.badlogic.gdx.assets.AssetManager::updateTask (231 bytes)
Event: 103.443 Thread 0x000002007aaacc50 nmethod 1679 0x000002006ecc4310 code [0x000002006ecc4700, 0x000002006ecc8008]
Event: 103.445 Thread 0x000002007aaacc50 1680  s!   4       com.badlogic.gdx.assets.AssetManager::update (104 bytes)

GC Heap History (10 events):
Event: 2.649 GC heap before
{Heap before GC invocations=0 (full 0):
 garbage-first heap   total 65536K, used 13312K [0x00000000c1c00000, 0x0000000100000000)
  region size 1024K, 13 young (13312K), 0 survivors (0K)
 Metaspace       used 4410K, committed 4544K, reserved 1114112K
  class space    used 300K, committed 384K, reserved 1048576K
}
Event: 2.662 GC heap after
{Heap after GC invocations=1 (full 0):
 garbage-first heap   total 65536K, used 2208K [0x00000000c1c00000, 0x0000000100000000)
  region size 1024K, 2 young (2048K), 2 survivors (2048K)
 Metaspace       used 4410K, committed 4544K, reserved 1114112K
  class space    used 300K, committed 384K, reserved 1048576K
}
Event: 4.873 GC heap before
{Heap before GC invocations=1 (full 0):
 garbage-first heap   total 65536K, used 16544K [0x00000000c1c00000, 0x0000000100000000)
  region size 1024K, 17 young (17408K), 2 survivors (2048K)
 Metaspace       used 6497K, committed 6656K, reserved 1114112K
  class space    used 463K, committed 512K, reserved 1048576K
}
Event: 4.887 GC heap after
{Heap after GC invocations=2 (full 0):
 garbage-first heap   total 65536K, used 2791K [0x00000000c1c00000, 0x0000000100000000)
  region size 1024K, 1 young (1024K), 1 survivors (1024K)
 Metaspace       used 6497K, committed 6656K, reserved 1114112K
  class space    used 463K, committed 512K, reserved 1048576K
}
Event: 10.816 GC heap before
{Heap before GC invocations=2 (full 0):
 garbage-first heap   total 65536K, used 43751K [0x00000000c1c00000, 0x0000000100000000)
  region size 1024K, 38 young (38912K), 1 survivors (1024K)
 Metaspace       used 6613K, committed 6720K, reserved 1114112K
  class space    used 463K, committed 512K, reserved 1048576K
}
Event: 10.819 GC heap after
{Heap after GC invocations=3 (full 0):
 garbage-first heap   total 65536K, used 2786K [0x00000000c1c00000, 0x0000000100000000)
  region size 1024K, 1 young (1024K), 1 survivors (1024K)
 Metaspace       used 6613K, committed 6720K, reserved 1114112K
  class space    used 463K, committed 512K, reserved 1048576K
}
Event: 67.242 GC heap before
{Heap before GC invocations=3 (full 0):
 garbage-first heap   total 65536K, used 48866K [0x00000000c1c00000, 0x0000000100000000)
  region size 1024K, 22 young (22528K), 1 survivors (1024K)
 Metaspace       used 7294K, committed 7488K, reserved 1114112K
  class space    used 558K, committed 640K, reserved 1048576K
}
Event: 67.247 GC heap after
{Heap after GC invocations=4 (full 0):
 garbage-first heap   total 65536K, used 3374K [0x00000000c1c00000, 0x0000000100000000)
  region size 1024K, 2 young (2048K), 2 survivors (2048K)
 Metaspace       used 7294K, committed 7488K, reserved 1114112K
  class space    used 558K, committed 640K, reserved 1048576K
}
Event: 89.880 GC heap before
{Heap before GC invocations=4 (full 0):
 garbage-first heap   total 65536K, used 46382K [0x00000000c1c00000, 0x0000000100000000)
  region size 1024K, 38 young (38912K), 2 survivors (2048K)
 Metaspace       used 7438K, committed 7616K, reserved 1114112K
  class space    used 558K, committed 640K, reserved 1048576K
}
Event: 89.989 GC heap after
{Heap after GC invocations=5 (full 0):
 garbage-first heap   total 65536K, used 3460K [0x00000000c1c00000, 0x0000000100000000)
  region size 1024K, 2 young (2048K), 2 survivors (2048K)
 Metaspace       used 7438K, committed 7616K, reserved 1114112K
  class space    used 558K, committed 640K, reserved 1048576K
}

Deoptimization events (20 events):
Event: 60.719 Thread 0x000002005f892430 Uncommon trap: trap_request=0xffffffde fr.pc=0x000002006ec848f8 relative=0x0000000000000718
Event: 60.719 Thread 0x000002005f892430 Uncommon trap: reason=class_check action=maybe_recompile pc=0x000002006ec848f8 method=com.badlogic.gdx.graphics.Texture.getWidth()I @ 4 c2
Event: 60.719 Thread 0x000002005f892430 DEOPT PACKING pc=0x000002006ec848f8 sp=0x0000005b519fecc0
Event: 60.719 Thread 0x000002005f892430 DEOPT UNPACKING pc=0x000002006e6b239d sp=0x0000005b519feb40 mode 2
Event: 63.276 Thread 0x000002005f892430 Uncommon trap: trap_request=0xffffffbe fr.pc=0x000002006ecad014 relative=0x0000000000000374
Event: 63.276 Thread 0x000002005f892430 Uncommon trap: reason=profile_predicate action=maybe_recompile pc=0x000002006ecad014 method=com.badlogic.gdx.utils.ObjectMap.locateKey(Ljava/lang/Object;)I @ 32 c2
Event: 63.277 Thread 0x000002005f892430 DEOPT PACKING pc=0x000002006ecad014 sp=0x0000005b519fef80
Event: 63.277 Thread 0x000002005f892430 DEOPT UNPACKING pc=0x000002006e6b239d sp=0x0000005b519fef18 mode 2
Event: 63.277 Thread 0x000002005f892430 Uncommon trap: trap_request=0xffffffbe fr.pc=0x000002006ecad014 relative=0x0000000000000374
Event: 63.277 Thread 0x000002005f892430 Uncommon trap: reason=profile_predicate action=maybe_recompile pc=0x000002006ecad014 method=com.badlogic.gdx.utils.ObjectMap.locateKey(Ljava/lang/Object;)I @ 32 c2
Event: 63.277 Thread 0x000002005f892430 DEOPT PACKING pc=0x000002006ecad014 sp=0x0000005b519feee0
Event: 63.277 Thread 0x000002005f892430 DEOPT UNPACKING pc=0x000002006e6b239d sp=0x0000005b519fee78 mode 2
Event: 63.277 Thread 0x000002005f892430 Uncommon trap: trap_request=0xffffffbe fr.pc=0x000002006ecad014 relative=0x0000000000000374
Event: 63.277 Thread 0x000002005f892430 Uncommon trap: reason=profile_predicate action=maybe_recompile pc=0x000002006ecad014 method=com.badlogic.gdx.utils.ObjectMap.locateKey(Ljava/lang/Object;)I @ 32 c2
Event: 63.277 Thread 0x000002005f892430 DEOPT PACKING pc=0x000002006ecad014 sp=0x0000005b519fefb0
Event: 63.277 Thread 0x000002005f892430 DEOPT UNPACKING pc=0x000002006e6b239d sp=0x0000005b519fef48 mode 2
Event: 63.277 Thread 0x000002005f892430 Uncommon trap: trap_request=0xffffffbe fr.pc=0x000002006ecad014 relative=0x0000000000000374
Event: 63.277 Thread 0x000002005f892430 Uncommon trap: reason=profile_predicate action=maybe_recompile pc=0x000002006ecad014 method=com.badlogic.gdx.utils.ObjectMap.locateKey(Ljava/lang/Object;)I @ 32 c2
Event: 63.277 Thread 0x000002005f892430 DEOPT PACKING pc=0x000002006ecad014 sp=0x0000005b519ff050
Event: 63.277 Thread 0x000002005f892430 DEOPT UNPACKING pc=0x000002006e6b239d sp=0x0000005b519fefe8 mode 2

Classes unloaded (0 events):
No events

Classes redefined (0 events):
No events

Internal exceptions (20 events):
Event: 1.088 Thread 0x000002005f892430 Exception <a 'sun/nio/fs/WindowsException'{0x00000000c558b518}> (0x00000000c558b518) 
thrown [s\open\src\hotspot\share\prims\jni.cpp, line 516]
Event: 1.090 Thread 0x000002005f892430 Exception <a 'sun/nio/fs/WindowsException'{0x00000000c558ba68}> (0x00000000c558ba68) 
thrown [s\open\src\hotspot\share\prims\jni.cpp, line 516]
Event: 1.299 Thread 0x000002005f892430 Exception <a 'java/lang/NoSuchMethodError'{0x00000000c545b6c0}: 'int java.lang.invoke.DirectMethodHandle$Holder.invokeStaticInit(java.lang.Object, java.lang.Object, int, long)'> (0x00000000c545b6c0) 
thrown [s\open\src\hotspot\share\interpreter\linkResolver.cpp, line 759]
Event: 1.301 Thread 0x000002005f892430 Exception <a 'java/lang/NoSuchMethodError'{0x00000000c5460f88}: 'java.lang.Object java.lang.invoke.DirectMethodHandle$Holder.newInvokeSpecial(java.lang.Object, java.lang.Object, int)'> (0x00000000c5460f88) 
thrown [s\open\src\hotspot\share\interpreter\linkResolver.cpp, line 759]
Event: 1.308 Thread 0x000002005f892430 Exception <a 'java/lang/NoSuchMethodError'{0x00000000c5475ba8}: 'int java.lang.invoke.DirectMethodHandle$Holder.invokeStaticInit(java.lang.Object, java.lang.Object, long, long)'> (0x00000000c5475ba8) 
thrown [s\open\src\hotspot\share\interpreter\linkResolver.cpp, line 759]
Event: 1.310 Thread 0x000002005f892430 Exception <a 'java/lang/NoSuchMethodError'{0x00000000c547bcb8}: 'java.lang.Object java.lang.invoke.DirectMethodHandle$Holder.newInvokeSpecial(java.lang.Object, java.lang.Object, long)'> (0x00000000c547bcb8) 
thrown [s\open\src\hotspot\share\interpreter\linkResolver.cpp, line 759]
Event: 1.312 Thread 0x000002005f892430 Exception <a 'java/lang/NoSuchMethodError'{0x00000000c547fd00}: 'java.lang.Object java.lang.invoke.Invokers$Holder.linkToTargetMethod(java.lang.Object, long, java.lang.Object)'> (0x00000000c547fd00) 
thrown [s\open\src\hotspot\share\interpreter\linkResolver.cpp, line 759]
Event: 1.320 Thread 0x000002005f892430 Exception <a 'java/lang/NoSuchMethodError'{0x00000000c54c9f78}: 'int java.lang.invoke.DirectMethodHandle$Holder.invokeStaticInit(java.lang.Object, java.lang.Object, java.lang.Object, long)'> (0x00000000c54c9f78) 
thrown [s\open\src\hotspot\share\interpreter\linkResolver.cpp, line 759]
Event: 1.395 Thread 0x000002005f892430 Exception <a 'sun/nio/fs/WindowsException'{0x00000000c537e420}> (0x00000000c537e420) 
thrown [s\open\src\hotspot\share\prims\jni.cpp, line 516]
Event: 1.395 Thread 0x000002005f892430 Exception <a 'sun/nio/fs/WindowsException'{0x00000000c537e7b0}> (0x00000000c537e7b0) 
thrown [s\open\src\hotspot\share\prims\jni.cpp, line 516]
Event: 1.527 Thread 0x000002005f892430 Exception <a 'sun/nio/fs/WindowsException'{0x00000000c5244a20}> (0x00000000c5244a20) 
thrown [s\open\src\hotspot\share\prims\jni.cpp, line 516]
Event: 1.527 Thread 0x000002005f892430 Exception <a 'sun/nio/fs/WindowsException'{0x00000000c5244d80}> (0x00000000c5244d80) 
thrown [s\open\src\hotspot\share\prims\jni.cpp, line 516]
Event: 1.698 Thread 0x000002005f892430 Exception <a 'sun/nio/fs/WindowsException'{0x00000000c52ded60}> (0x00000000c52ded60) 
thrown [s\open\src\hotspot\share\prims\jni.cpp, line 516]
Event: 1.698 Thread 0x000002005f892430 Exception <a 'sun/nio/fs/WindowsException'{0x00000000c52df0e0}> (0x00000000c52df0e0) 
thrown [s\open\src\hotspot\share\prims\jni.cpp, line 516]
Event: 1.998 Thread 0x000002005f892430 Exception <a 'java/lang/NoSuchMethodError'{0x00000000c512e2d8}: 'java.lang.Object java.lang.invoke.DirectMethodHandle$Holder.newInvokeSpecial(java.lang.Object, long)'> (0x00000000c512e2d8) 
thrown [s\open\src\hotspot\share\interpreter\linkResolver.cpp, line 759]
Event: 2.417 Thread 0x000002005f892430 Exception <a 'sun/nio/fs/WindowsException'{0x00000000c50ad198}> (0x00000000c50ad198) 
thrown [s\open\src\hotspot\share\prims\jni.cpp, line 516]
Event: 2.418 Thread 0x000002005f892430 Exception <a 'sun/nio/fs/WindowsException'{0x00000000c50ad538}> (0x00000000c50ad538) 
thrown [s\open\src\hotspot\share\prims\jni.cpp, line 516]
Event: 2.437 Thread 0x000002005f892430 Exception <a 'sun/nio/fs/WindowsException'{0x00000000c50be520}> (0x00000000c50be520) 
thrown [s\open\src\hotspot\share\prims\jni.cpp, line 516]
Event: 2.437 Thread 0x000002005f892430 Exception <a 'sun/nio/fs/WindowsException'{0x00000000c50be7f0}> (0x00000000c50be7f0) 
thrown [s\open\src\hotspot\share\prims\jni.cpp, line 516]
Event: 12.871 Thread 0x000002005f892430 Implicit null exception at 0x000002006ec5db0e to 0x000002006ec5dd7c

VM Operations (20 events):
Event: 69.248 Executing VM operation: Cleanup
Event: 69.248 Executing VM operation: Cleanup done
Event: 70.248 Executing VM operation: Cleanup
Event: 70.248 Executing VM operation: Cleanup done
Event: 75.251 Executing VM operation: Cleanup
Event: 75.251 Executing VM operation: Cleanup done
Event: 76.252 Executing VM operation: Cleanup
Event: 76.252 Executing VM operation: Cleanup done
Event: 81.254 Executing VM operation: Cleanup
Event: 81.255 Executing VM operation: Cleanup done
Event: 87.257 Executing VM operation: Cleanup
Event: 87.258 Executing VM operation: Cleanup done
Event: 89.875 Executing VM operation: G1CollectForAllocation
Event: 89.990 Executing VM operation: G1CollectForAllocation done
Event: 94.993 Executing VM operation: Cleanup
Event: 94.996 Executing VM operation: Cleanup done
Event: 97.998 Executing VM operation: Cleanup
Event: 98.001 Executing VM operation: Cleanup done
Event: 99.002 Executing VM operation: Cleanup
Event: 99.002 Executing VM operation: Cleanup done

Events (20 events):
Event: 3.046 loading class java/io/UnsupportedEncodingException
Event: 3.046 loading class java/io/UnsupportedEncodingException done
Event: 3.058 loading class java/util/regex/Pattern$1
Event: 3.058 loading class java/util/regex/Pattern$1 done
Event: 3.078 loading class java/util/concurrent/locks/AbstractQueuedSynchronizer$ConditionNode
Event: 3.079 loading class java/util/concurrent/locks/AbstractQueuedSynchronizer$Node
Event: 3.079 loading class java/util/concurrent/locks/AbstractQueuedSynchronizer$Node done
Event: 3.079 loading class java/util/concurrent/locks/AbstractQueuedSynchronizer$ConditionNode done
Event: 3.091 loading class java/util/concurrent/locks/AbstractQueuedSynchronizer$ExclusiveNode
Event: 3.091 loading class java/util/concurrent/locks/AbstractQueuedSynchronizer$ExclusiveNode done
Event: 3.163 loading class jdk/internal/math/FDBigInteger
Event: 3.164 loading class jdk/internal/math/FDBigInteger done
Event: 3.445 loading class java/lang/reflect/InvocationTargetException
Event: 3.445 loading class java/lang/reflect/InvocationTargetException done
Event: 3.447 loading class java/lang/NegativeArraySizeException
Event: 3.448 loading class java/lang/NegativeArraySizeException done
Event: 3.448 loading class java/lang/StringIndexOutOfBoundsException
Event: 3.448 loading class java/lang/StringIndexOutOfBoundsException done
Event: 4.021 loading class java/io/EOFException
Event: 4.021 loading class java/io/EOFException done


Dynamic libraries:
0x00007ff6b7f20000 - 0x00007ff6b7f30000 	C:\Program Files\Java\jdk-17\bin\java.exe
0x00007ffd2aeb0000 - 0x00007ffd2b0a8000 	C:\WINDOWS\SYSTEM32\ntdll.dll
0x00007ffd29300000 - 0x00007ffd293bd000 	C:\WINDOWS\System32\KERNEL32.DLL
0x00007ffd288b0000 - 0x00007ffd28ba6000 	C:\WINDOWS\System32\KERNELBASE.dll
0x00007ffd28580000 - 0x00007ffd28680000 	C:\WINDOWS\System32\ucrtbase.dll
0x00007ffd15960000 - 0x00007ffd15979000 	C:\Program Files\Java\jdk-17\bin\jli.dll
0x00007ffd15a10000 - 0x00007ffd15a2b000 	C:\Program Files\Java\jdk-17\bin\VCRUNTIME140.dll
0x00007ffd2a600000 - 0x00007ffd2a6b3000 	C:\WINDOWS\System32\ADVAPI32.dll
0x00007ffd29950000 - 0x00007ffd299ee000 	C:\WINDOWS\System32\msvcrt.dll
0x00007ffd29650000 - 0x00007ffd296ef000 	C:\WINDOWS\System32\sechost.dll
0x00007ffd2a470000 - 0x00007ffd2a596000 	C:\WINDOWS\System32\RPCRT4.dll
0x00007ffd28720000 - 0x00007ffd28747000 	C:\WINDOWS\System32\bcrypt.dll
0x00007ffd28f00000 - 0x00007ffd2909e000 	C:\WINDOWS\System32\USER32.dll
0x00007ffd28ed0000 - 0x00007ffd28ef2000 	C:\WINDOWS\System32\win32u.dll
0x00007ffd290a0000 - 0x00007ffd290cc000 	C:\WINDOWS\System32\GDI32.dll
0x00007ffd0ff70000 - 0x00007ffd1020a000 	C:\WINDOWS\WinSxS\amd64_microsoft.windows.common-controls_6595b64144ccf1df_6.0.19041.3636_none_60b6a03d71f818d5\COMCTL32.dll
0x00007ffd28bb0000 - 0x00007ffd28cca000 	C:\WINDOWS\System32\gdi32full.dll
0x00007ffd28680000 - 0x00007ffd2871d000 	C:\WINDOWS\System32\msvcp_win.dll
0x00007ffd1e3a0000 - 0x00007ffd1e3aa000 	C:\WINDOWS\SYSTEM32\VERSION.dll
0x00007ffd29530000 - 0x00007ffd29560000 	C:\WINDOWS\System32\IMM32.DLL
0x00007ffd23b80000 - 0x00007ffd23b8c000 	C:\Program Files\Java\jdk-17\bin\vcruntime140_1.dll
0x00007ffd0bd20000 - 0x00007ffd0bdae000 	C:\Program Files\Java\jdk-17\bin\msvcp140.dll
0x00007ffce99b0000 - 0x00007ffcea591000 	C:\Program Files\Java\jdk-17\bin\server\jvm.dll
0x00007ffd29470000 - 0x00007ffd29478000 	C:\WINDOWS\System32\PSAPI.DLL
0x00007ffd00e70000 - 0x00007ffd00e97000 	C:\WINDOWS\SYSTEM32\WINMM.dll
0x00007ffd0e8c0000 - 0x00007ffd0e8c9000 	C:\WINDOWS\SYSTEM32\WSOCK32.dll
0x00007ffd29750000 - 0x00007ffd297bb000 	C:\WINDOWS\System32\WS2_32.dll
0x00007ffd26410000 - 0x00007ffd26422000 	C:\WINDOWS\SYSTEM32\kernel.appcore.dll
0x00007ffd15770000 - 0x00007ffd1577a000 	C:\Program Files\Java\jdk-17\bin\jimage.dll
0x00007ffd21590000 - 0x00007ffd21774000 	C:\WINDOWS\SYSTEM32\DBGHELP.DLL
0x00007ffd02310000 - 0x00007ffd02344000 	C:\WINDOWS\SYSTEM32\dbgcore.DLL
0x00007ffd28d90000 - 0x00007ffd28e12000 	C:\WINDOWS\System32\bcryptPrimitives.dll
0x00007ffd0f9a0000 - 0x00007ffd0f9c5000 	C:\Program Files\Java\jdk-17\bin\java.dll
0x00007ffd08b70000 - 0x00007ffd08c47000 	C:\Program Files\Java\jdk-17\bin\jsvml.dll
0x00007ffd2a6c0000 - 0x00007ffd2ae05000 	C:\WINDOWS\System32\SHELL32.dll
0x00007ffd26630000 - 0x00007ffd26dcb000 	C:\WINDOWS\SYSTEM32\windows.storage.dll
0x00007ffd29ca0000 - 0x00007ffd29ff4000 	C:\WINDOWS\System32\combase.dll
0x00007ffd27f40000 - 0x00007ffd27f6d000 	C:\WINDOWS\SYSTEM32\Wldp.dll
0x00007ffd29480000 - 0x00007ffd2952d000 	C:\WINDOWS\System32\SHCORE.dll
0x00007ffd298f0000 - 0x00007ffd29945000 	C:\WINDOWS\System32\shlwapi.dll
0x00007ffd284b0000 - 0x00007ffd284d5000 	C:\WINDOWS\SYSTEM32\profapi.dll
0x00007ffd15940000 - 0x00007ffd15959000 	C:\Program Files\Java\jdk-17\bin\net.dll
0x00007ffd22880000 - 0x00007ffd2298a000 	C:\WINDOWS\SYSTEM32\WINHTTP.dll
0x00007ffd27ca0000 - 0x00007ffd27d0a000 	C:\WINDOWS\system32\mswsock.dll
0x00007ffd15780000 - 0x00007ffd15796000 	C:\Program Files\Java\jdk-17\bin\nio.dll
0x00007ffd0f9f0000 - 0x00007ffd0fa08000 	C:\Program Files\Java\jdk-17\bin\zip.dll
0x000000006e700000 - 0x000000006e72d000 	C:\Users\forse\AppData\Local\Temp\libgdxforse\6b998561\gdx64.dll
0x00007ffd0ef30000 - 0x00007ffd0efab000 	C:\Users\forse\AppData\Local\Temp\lwjgl_forse\3.3.3+5\x64\lwjgl.dll
0x00007ffcee2f0000 - 0x00007ffcee560000 	C:\Users\forse\AppData\Local\Temp\lwjgl_forse\3.3.3+5\x64\jemalloc.dll
0x00007ffd09410000 - 0x00007ffd09492000 	C:\Users\forse\AppData\Local\Temp\lwjgl_forse\3.3.3+5\x64\glfw.dll
0x00007ffd091b0000 - 0x00007ffd091f5000 	C:\WINDOWS\SYSTEM32\dinput8.dll
0x00007ffd20760000 - 0x00007ffd20771000 	C:\WINDOWS\SYSTEM32\xinput1_4.dll
0x00007ffd28d40000 - 0x00007ffd28d8e000 	C:\WINDOWS\System32\cfgmgr32.dll
0x00007ffd28320000 - 0x00007ffd28353000 	C:\WINDOWS\SYSTEM32\DEVOBJ.dll
0x00007ffd26120000 - 0x00007ffd2614f000 	C:\WINDOWS\SYSTEM32\dwmapi.dll
0x00007ffd1e9d0000 - 0x00007ffd1eb22000 	C:\WINDOWS\SYSTEM32\inputhost.dll
0x00007ffd29a10000 - 0x00007ffd29add000 	C:\WINDOWS\System32\OLEAUT32.dll
0x00007ffd240b0000 - 0x00007ffd241a6000 	C:\WINDOWS\SYSTEM32\PROPSYS.dll
0x00007ffd25200000 - 0x00007ffd25355000 	C:\WINDOWS\SYSTEM32\wintypes.dll
0x00007ffd257c0000 - 0x00007ffd25b1b000 	C:\WINDOWS\SYSTEM32\CoreUIComponents.dll
0x00007ffd25b20000 - 0x00007ffd25c12000 	C:\WINDOWS\SYSTEM32\CoreMessaging.dll
0x00007ffd27690000 - 0x00007ffd276c3000 	C:\WINDOWS\SYSTEM32\ntmarta.dll
0x00007ffd25f40000 - 0x00007ffd25fde000 	C:\WINDOWS\system32\uxtheme.dll
0x00007ffd291e0000 - 0x00007ffd292f4000 	C:\WINDOWS\System32\MSCTF.dll
0x00007ffd04d20000 - 0x00007ffd04ee7000 	C:\Users\forse\AppData\Local\Temp\lwjgl_forse\3.3.3+5\x64\OpenAL.dll
0x00007ffd297c0000 - 0x00007ffd298eb000 	C:\WINDOWS\System32\ole32.dll
0x00007ffd293c0000 - 0x00007ffd29469000 	C:\WINDOWS\System32\clbcatq.dll
0x00007ffd16980000 - 0x00007ffd16a05000 	C:\WINDOWS\System32\MMDevApi.dll
0x00007ffd16b10000 - 0x00007ffd16c92000 	C:\WINDOWS\SYSTEM32\AUDIOSES.DLL
0x00007ffd28000000 - 0x00007ffd2804b000 	C:\WINDOWS\SYSTEM32\powrprof.dll
0x00007ffd27fb0000 - 0x00007ffd27fc2000 	C:\WINDOWS\SYSTEM32\UMPDC.dll
0x00007ffd26020000 - 0x00007ffd26034000 	C:\WINDOWS\SYSTEM32\resourcepolicyclient.dll
0x00007ffd07800000 - 0x00007ffd07925000 	C:\WINDOWS\SYSTEM32\opengl32.dll
0x00007ffd0ee60000 - 0x00007ffd0ee8c000 	C:\WINDOWS\SYSTEM32\GLU32.dll
0x00007ffd1fd60000 - 0x00007ffd1fe62000 	C:\Windows\System32\AppXDeploymentClient.dll
0x00007ffcc4a80000 - 0x00007ffcc5a45000 	C:\WINDOWS\System32\DriverStore\FileRepository\iigd_dch.inf_amd64_dc16e5f1dbf8051f\ig9icd64.dll
0x00007ffd26e30000 - 0x00007ffd26f23000 	C:\WINDOWS\system32\dxgi.dll
0x00007ffd1eec0000 - 0x00007ffd1f0ff000 	C:\WINDOWS\System32\DriverStore\FileRepository\iigd_dch.inf_amd64_dc16e5f1dbf8051f\igdgmm64.dll
0x00007ffd19320000 - 0x00007ffd1bf82000 	C:\WINDOWS\System32\DriverStore\FileRepository\iigd_dch.inf_amd64_dc16e5f1dbf8051f\igc64.dll
0x00007ffcfa9c0000 - 0x00007ffcfadd5000 	C:\WINDOWS\System32\DriverStore\FileRepository\iigd_dch.inf_amd64_dc16e5f1dbf8051f\igdml64.dll
0x00007ffd09150000 - 0x00007ffd091ae000 	C:\Users\forse\AppData\Local\Temp\lwjgl_forse\3.3.3+5\x64\lwjgl_opengl.dll
0x00007ffd1eb30000 - 0x00007ffd1ec29000 	C:\WINDOWS\SYSTEM32\textinputframework.dll
0x00007ffd010f0000 - 0x00007ffd01156000 	C:\WINDOWS\system32\Oleacc.dll
0x00007ffd232a0000 - 0x00007ffd2330a000 	C:\WINDOWS\system32\Ninput.dll

dbghelp: loaded successfully - version: 4.0.5 - missing functions: none
symbol engine: initialized successfully - sym options: 0x614 - pdb path: .;C:\Program Files\Java\jdk-17\bin;C:\WINDOWS\SYSTEM32;C:\WINDOWS\WinSxS\amd64_microsoft.windows.common-controls_6595b64144ccf1df_6.0.19041.3636_none_60b6a03d71f818d5;C:\Program Files\Java\jdk-17\bin\server;C:\Users\forse\AppData\Local\Temp\libgdxforse\6b998561;C:\Users\forse\AppData\Local\Temp\lwjgl_forse\3.3.3+5\x64;C:\WINDOWS\System32\DriverStore\FileRepository\iigd_dch.inf_amd64_dc16e5f1dbf8051f

VM Arguments:
jvm_args: -Dfile.encoding=windows-1252 -Duser.country=US -Duser.language=en -Duser.variant 
java_command: com.noodle.DesktopLauncher
java_class_path (initial): C:\Users\forse\Documents\Noodle\desktop\build\classes\java\main;C:\Users\forse\Documents\Noodle\desktop\build\resources\main;C:\Users\forse\.gradle\caches\modules-2\files-2.1\com.badlogicgames.gdx\gdx-backend-lwjgl3\1.12.2-SNAPSHOT\24f6bda875e3642a0eacb715de18670dfb2824ca\gdx-backend-lwjgl3-1.12.2-SNAPSHOT.jar;C:\Users\forse\.gradle\caches\modules-2\files-2.1\com.badlogicgames.gdx\gdx-platform\1.12.2-SNAPSHOT\c7fc2cd924fc9db6c140eb304049df2562412f70\gdx-platform-1.12.2-SNAPSHOT-natives-desktop.jar;C:\Users\forse\Documents\Noodle\core\build\libs\core-1.0.jar;C:\Users\forse\.gradle\caches\modules-2\files-2.1\com.badlogicgames.gdx\gdx\1.12.2-SNAPSHOT\8696221d1f8e3490420c5c7daf6368046bed80f2\gdx-1.12.2-SNAPSHOT.jar;C:\Users\forse\.gradle\caches\modules-2\files-2.1\org.lwjgl\lwjgl-glfw\3.3.3\efa1eb78c5ccd840e9f329717109b5e892d72f8e\lwjgl-glfw-3.3.3.jar;C:\Users\forse\.gradle\caches\modules-2\files-2.1\org.lwjgl\lwjgl-glfw\3.3.3\a03684c5e4b1b1dbbe0d29dbbdc27b985b6840f2\lwjgl-glfw-3.3.3-natives-linux.jar;C:\Users\forse\.gradle\caches\modules-2\files-2.1\org.lwjgl\lwjgl-glfw\3.3.3\d9af485c32545b37dd5359b163161d42d7534dcf\lwjgl-glfw-3.3.3-natives-linux-arm32.jar;C:\Users\forse\.gradle\caches\modules-2\files-2.1\org.lwjgl\lwjgl-glfw\3.3.3\492a0f11f85b85899a6568f07511160c1b87cd38\lwjgl-glfw-3.3.3-natives-linux-arm64.jar;C:\Users\forse\.gradle\caches\modules-2\files-2.1\org.lwjgl\lwjgl-glfw\3.3.3\a1bf400f6bc64e6195596cb1430dafda46090751\lwjgl-glfw-3.3.3-natives-macos.jar;C:\Users\forse\.gradle\caches\modules-2\files-2.1\org.lwjgl\lwjgl-glfw\3.3.3\ee8cc78d0a4a5b3b4600fade6d927c9fc320c858\lwjgl-glfw-3.3.3-natives-macos-arm64.jar;C:\Users\forse\.gradle\caches\modules-2\files-2.1\org.lwjgl\lwjgl-glfw\3.3.3\e449e28b4891fc423c54c85fbc5bb0b9efece67a\lwjgl-glfw-3.3.3-natives-windows.jar;C:\Users\forse\.gradle\caches\modules-2\files-2.1\org.lwjgl\lwjgl-glfw\3.3.3\32334f3fd5270a59bad9939a93115acb6de36dcf\lwjgl-glfw-3.3.3-natives-windows-x86.jar;C:\Users\forse
Launcher Type: SUN_STANDARD

[Global flags]
     intx CICompilerCount                          = 3                                         {product} {ergonomic}
     uint ConcGCThreads                            = 1                                         {product} {ergonomic}
     uint G1ConcRefinementThreads                  = 4                                         {product} {ergonomic}
   size_t G1HeapRegionSize                         = 1048576                                   {product} {ergonomic}
    uintx GCDrainStackTargetSize                   = 64                                        {product} {ergonomic}
   size_t InitialHeapSize                          = 67108864                                  {product} {ergonomic}
   size_t MarkStackSize                            = 4194304                                   {product} {ergonomic}
   size_t MaxHeapSize                              = 1044381696                                {product} {ergonomic}
   size_t MaxNewSize                               = 625999872                                 {product} {ergonomic}
   size_t MinHeapDeltaBytes                        = 1048576                                   {product} {ergonomic}
   size_t MinHeapSize                              = 8388608                                   {product} {ergonomic}
    uintx NonNMethodCodeHeapSize                   = 5832780                                {pd product} {ergonomic}
    uintx NonProfiledCodeHeapSize                  = 122912730                              {pd product} {ergonomic}
    uintx ProfiledCodeHeapSize                     = 122912730                              {pd product} {ergonomic}
    uintx ReservedCodeCacheSize                    = 251658240                              {pd product} {ergonomic}
     bool SegmentedCodeCache                       = true                                      {product} {ergonomic}
   size_t SoftMaxHeapSize                          = 1044381696                             {manageable} {ergonomic}
     bool UseCompressedClassPointers               = true                           {product lp64_product} {ergonomic}
     bool UseCompressedOops                        = true                           {product lp64_product} {ergonomic}
     bool UseG1GC                                  = true                                      {product} {ergonomic}
     bool UseLargePagesIndividualAllocation        = false                                  {pd product} {ergonomic}

Logging:
Log output configuration:
 #0: stdout all=warning uptime,level,tags
 #1: stderr all=off uptime,level,tags

Environment Variables:
JAVA_HOME=C:\Program Files\Java\jdk-17
CLASSPATH=C:\Users\forse\Documents\Noodle\\gradle\wrapper\gradle-wrapper.jar
PATH=C:\Program Files\Common Files\Oracle\Java\javapath;C:\WINDOWS\system32;C:\WINDOWS;C:\WINDOWS\System32\Wbem;C:\WINDOWS\System32\WindowsPowerShell\v1.0\;C:\WINDOWS\System32\OpenSSH\;C:\Program Files\Java\jdk-17\bin;C:\Program Files\Git\cmd;C:\Program Files\Git\bin;C:\Users\forse\AppData\Local\Microsoft\WindowsApps;C:\Users\forse\AppData\Local\Android\cmdline-tools\latest\bin;C:\Program Files\Java\jdk-17\bin;C:\Users\forse\AppData\Local\Microsoft\WinGet\Packages\cURL.cURL_Microsoft.Winget.Source_8wekyb3d8bbwe\curl-8.2.1_4-win64-mingw\bin;
USERNAME=forse
OS=Windows_NT
PROCESSOR_IDENTIFIER=Intel64 Family 6 Model 142 Stepping 9, GenuineIntel



---------------  S Y S T E M  ---------------

OS:
 Windows 10 , 64 bit Build 19041 (10.0.19041.3636)
OS uptime: 4 days 1:21 hours

CPU: total 4 (initial active 4) (2 cores per cpu, 2 threads per core) family 6 model 142 stepping 9 microcode 0xf0, cx8, cmov, fxsr, ht, mmx, 3dnowpref, sse, sse2, sse3, ssse3, sse4.1, sse4.2, popcnt, lzcnt, tsc, tscinvbit, aes, erms, clmul, clflush, clflushopt

Memory: 4k page, system-wide physical 3980M (115M free)
TotalPageFile size 11262M (AvailPageFile size 8M)
current process WorkingSet (physical memory assigned to process): 135M, peak: 2195M
current process commit charge ("private bytes"): 3100M, peak: 3104M

vm_info: Java HotSpot(TM) 64-Bit Server VM (17.0.9+11-LTS-201) for windows-amd64 JRE (17.0.9+11-LTS-201), built on Oct 10 2023 23:16:06 by "mach5one" with MS VC++ 17.1 (VS2022)

END.
