#
# There is insufficient memory for the Java Runtime Environment to continue.
# Native memory allocation (malloc) failed to allocate 1402736 bytes for Chunk::new
# Possible reasons:
#   The system is out of physical RAM or swap space
#   The process is running with CompressedOops enabled, and the Java Heap may be blocking the growth of the native heap
# Possible solutions:
#   Reduce memory load on the system
#   Increase physical memory or swap space
#   Check if swap backing store is full
#   Decrease Java heap size (-Xmx/-Xms)
#   Decrease number of Java threads
#   Decrease Java thread stack sizes (-Xss)
#   Set larger code cache with -XX:ReservedCodeCacheSize=
#   JVM is running with Unscaled Compressed Oops mode in which the Java heap is
#     placed in the first 4GB address space. The Java Heap base address is the
#     maximum limit for the native heap growth. Please use -XX:HeapBaseMinAddress
#     to set the Java Heap base and to place the Java Heap above 4GB virtual address.
# This output file may be truncated or incomplete.
#
#  Out of Memory Error (arena.cpp:189), pid=4252, tid=2532
#
# JRE version: Java(TM) SE Runtime Environment (17.0.9+11) (build 17.0.9+11-LTS-201)
# Java VM: Java HotSpot(TM) 64-Bit Server VM (17.0.9+11-LTS-201, mixed mode, sharing, tiered, compressed oops, compressed class ptrs, g1 gc, windows-amd64)
# No core dump will be written. Minidumps are not enabled by default on client versions of Windows
#

---------------  S U M M A R Y ------------

Command Line: -Dfile.encoding=windows-1252 -Duser.country=US -Duser.language=en -Duser.variant com.noodle.DesktopLauncher

Host: Intel(R) Pentium(R) CPU 4415Y @ 1.60GHz, 4 cores, 3G,  Windows 10 , 64 bit Build 19041 (10.0.19041.3636)
Time: Mon Jan 22 13:52:11 2024 India Standard Time elapsed time: 103.169165 seconds (0d 0h 1m 43s)

---------------  T H R E A D  ---------------

Current thread (0x0000022f7f2e8be0):  JavaThread "C2 CompilerThread0" daemon [_thread_in_native, id=2532, stack(0x000000f1f5300000,0x000000f1f5400000)]


Current CompileTask:
C2: 103170 1472       4       java.util.jar.JarFile::getEntry (35 bytes)

Stack: [0x000000f1f5300000,0x000000f1f5400000]
Native frames: (J=compiled Java code, j=interpreted, Vv=VM code, C=native code)
V  [jvm.dll+0x678a4a]
V  [jvm.dll+0x7d9cfd]
V  [jvm.dll+0x7db60e]
V  [jvm.dll+0x7dbc73]
V  [jvm.dll+0x245e1f]
V  [jvm.dll+0xaaafb]
V  [jvm.dll+0xab09c]
V  [jvm.dll+0x36237e]
V  [jvm.dll+0x32ca01]
V  [jvm.dll+0x32be9a]
V  [jvm.dll+0x21812f]
V  [jvm.dll+0x217561]
V  [jvm.dll+0x1a3bc0]
V  [jvm.dll+0x2272de]
V  [jvm.dll+0x22548b]
V  [jvm.dll+0x78f58c]
V  [jvm.dll+0x78998a]
V  [jvm.dll+0x677875]
C  [ucrtbase.dll+0x21bb2]
C  [KERNEL32.DLL+0x17344]
C  [ntdll.dll+0x526b1]


---------------  P R O C E S S  ---------------

Threads class SMR info:
_java_thread_list=0x0000022f559fe180, length=15, elements={
0x0000022f71111380, 0x0000022f711ce780, 0x0000022f711cf510, 0x0000022f7f2b3740,
0x0000022f7f2b6020, 0x0000022f7f2b68f0, 0x0000022f7f2bf1d0, 0x0000022f7f2e8be0,
0x0000022f7f2e9bb0, 0x0000022f7f2ee4e0, 0x0000022f7f519c30, 0x0000022f7f5233a0,
0x0000022f547d2e70, 0x0000022f55cac860, 0x0000022f55cb9f90
}

Java Threads: ( => current thread )
  0x0000022f71111380 JavaThread "main" [_thread_in_Java, id=4144, stack(0x000000f1f4600000,0x000000f1f4700000)]
  0x0000022f711ce780 JavaThread "Reference Handler" daemon [_thread_blocked, id=7528, stack(0x000000f1f4d00000,0x000000f1f4e00000)]
  0x0000022f711cf510 JavaThread "Finalizer" daemon [_thread_blocked, id=9344, stack(0x000000f1f4e00000,0x000000f1f4f00000)]
  0x0000022f7f2b3740 JavaThread "Signal Dispatcher" daemon [_thread_blocked, id=2560, stack(0x000000f1f4f00000,0x000000f1f5000000)]
  0x0000022f7f2b6020 JavaThread "Attach Listener" daemon [_thread_blocked, id=5328, stack(0x000000f1f5000000,0x000000f1f5100000)]
  0x0000022f7f2b68f0 JavaThread "Service Thread" daemon [_thread_blocked, id=9672, stack(0x000000f1f5100000,0x000000f1f5200000)]
  0x0000022f7f2bf1d0 JavaThread "Monitor Deflation Thread" daemon [_thread_blocked, id=12120, stack(0x000000f1f5200000,0x000000f1f5300000)]
=>0x0000022f7f2e8be0 JavaThread "C2 CompilerThread0" daemon [_thread_in_native, id=2532, stack(0x000000f1f5300000,0x000000f1f5400000)]
  0x0000022f7f2e9bb0 JavaThread "C1 CompilerThread0" daemon [_thread_blocked, id=9564, stack(0x000000f1f5400000,0x000000f1f5500000)]
  0x0000022f7f2ee4e0 JavaThread "Sweeper thread" daemon [_thread_blocked, id=5756, stack(0x000000f1f5500000,0x000000f1f5600000)]
  0x0000022f7f519c30 JavaThread "Notification Thread" daemon [_thread_blocked, id=1424, stack(0x000000f1f5600000,0x000000f1f5700000)]
  0x0000022f7f5233a0 JavaThread "Common-Cleaner" daemon [_thread_blocked, id=4872, stack(0x000000f1f5800000,0x000000f1f5900000)]
  0x0000022f547d2e70 JavaThread "Thread-0" daemon [_thread_in_native, id=7500, stack(0x000000f1f5f00000,0x000000f1f6000000)]
  0x0000022f55cac860 JavaThread "AssetManager" daemon [_thread_blocked, id=12128, stack(0x000000f1f6600000,0x000000f1f6700000)]
  0x0000022f55cb9f90 JavaThread "LWJGL3 Timer" daemon [_thread_blocked, id=5744, stack(0x000000f1f6700000,0x000000f1f6800000)]

Other Threads:
  0x0000022f711c7390 VMThread "VM Thread" [stack: 0x000000f1f4c00000,0x000000f1f4d00000] [id=3848]
  0x0000022f7f51c940 WatcherThread [stack: 0x000000f1f5700000,0x000000f1f5800000] [id=5944]
  0x0000022f7114c880 GCTaskThread "GC Thread#0" [stack: 0x000000f1f4700000,0x000000f1f4800000] [id=8168]
  0x0000022f55907d20 GCTaskThread "GC Thread#1" [stack: 0x000000f1f6300000,0x000000f1f6400000] [id=8708]
  0x0000022f55c42b70 GCTaskThread "GC Thread#2" [stack: 0x000000f1f6400000,0x000000f1f6500000] [id=5248]
  0x0000022f55c42e30 GCTaskThread "GC Thread#3" [stack: 0x000000f1f6500000,0x000000f1f6600000] [id=8536]
  0x0000022f71155450 ConcurrentGCThread "G1 Main Marker" [stack: 0x000000f1f4800000,0x000000f1f4900000] [id=11708]
  0x0000022f71157610 ConcurrentGCThread "G1 Conc#0" [stack: 0x000000f1f4900000,0x000000f1f4a00000] [id=10036]
  0x0000022f711a82d0 ConcurrentGCThread "G1 Refine#0" [stack: 0x000000f1f4a00000,0x000000f1f4b00000] [id=7180]
  0x0000022f711a8c10 ConcurrentGCThread "G1 Service" [stack: 0x000000f1f4b00000,0x000000f1f4c00000] [id=5164]

Threads with active compile tasks:
C2 CompilerThread0   103418 1472       4       java.util.jar.JarFile::getEntry (35 bytes)

VM state: not at safepoint (normal execution)

VM Mutex/Monitor currently owned by a thread: None

Heap address: 0x00000000c1c00000, size: 996 MB, Compressed Oops mode: 32-bit

CDS archive(s) mapped at: [0x0000022f0f000000-0x0000022f0fbd0000-0x0000022f0fbd0000), size 12386304, SharedBaseAddress: 0x0000022f0f000000, ArchiveRelocationMode: 1.
Compressed class space mapped at: 0x0000022f10000000-0x0000022f50000000, reserved size: 1073741824
Narrow klass base: 0x0000022f0f000000, Narrow klass shift: 0, Narrow klass range: 0x100000000

GC Precious Log:
 CPUs: 4 total, 4 available
 Memory: 3980M
 Large Page Support: Disabled
 NUMA Support: Disabled
 Compressed Oops: Enabled (32-bit)
 Heap Region Size: 1M
 Heap Min Capacity: 8M
 Heap Initial Capacity: 64M
 Heap Max Capacity: 996M
 Pre-touch: Disabled
 Parallel Workers: 4
 Concurrent Workers: 1
 Concurrent Refinement Workers: 4
 Periodic GC: Disabled

Heap:
 garbage-first heap   total 65536K, used 37697K [0x00000000c1c00000, 0x0000000100000000)
  region size 1024K, 37 young (37888K), 1 survivors (1024K)
 Metaspace       used 7232K, committed 7424K, reserved 1114112K
  class space    used 531K, committed 640K, reserved 1048576K

Heap Regions: E=young(eden), S=young(survivor), O=old, HS=humongous(starts), HC=humongous(continues), CS=collection set, F=free, OA=open archive, CA=closed archive, TAMS=top-at-mark-start (previous, next)
|   0|0x00000000c1c00000, 0x00000000c1d00000, 0x00000000c1d00000|100%| O|  |TAMS 0x00000000c1c00000, 0x00000000c1d00000| Untracked 
|   1|0x00000000c1d00000, 0x00000000c1e00000, 0x00000000c1e00000|100%| O|  |TAMS 0x00000000c1d00000, 0x00000000c1e00000| Untracked 
|   2|0x00000000c1e00000, 0x00000000c1e15000, 0x00000000c1f00000|  8%| O|  |TAMS 0x00000000c1e00000, 0x00000000c1e15000| Untracked 
|   3|0x00000000c1f00000, 0x00000000c1f00000, 0x00000000c2000000|  0%| F|  |TAMS 0x00000000c1f00000, 0x00000000c1f00000| Untracked 
|   4|0x00000000c2000000, 0x00000000c2000000, 0x00000000c2100000|  0%| F|  |TAMS 0x00000000c2000000, 0x00000000c2000000| Untracked 
|   5|0x00000000c2100000, 0x00000000c2100000, 0x00000000c2200000|  0%| F|  |TAMS 0x00000000c2100000, 0x00000000c2100000| Untracked 
|   6|0x00000000c2200000, 0x00000000c2200000, 0x00000000c2300000|  0%| F|  |TAMS 0x00000000c2200000, 0x00000000c2200000| Untracked 
|   7|0x00000000c2300000, 0x00000000c2300000, 0x00000000c2400000|  0%| F|  |TAMS 0x00000000c2300000, 0x00000000c2300000| Untracked 
|   8|0x00000000c2400000, 0x00000000c2400000, 0x00000000c2500000|  0%| F|  |TAMS 0x00000000c2400000, 0x00000000c2400000| Untracked 
|   9|0x00000000c2500000, 0x00000000c2500000, 0x00000000c2600000|  0%| F|  |TAMS 0x00000000c2500000, 0x00000000c2500000| Untracked 
|  10|0x00000000c2600000, 0x00000000c2600000, 0x00000000c2700000|  0%| F|  |TAMS 0x00000000c2600000, 0x00000000c2600000| Untracked 
|  11|0x00000000c2700000, 0x00000000c2700000, 0x00000000c2800000|  0%| F|  |TAMS 0x00000000c2700000, 0x00000000c2700000| Untracked 
|  12|0x00000000c2800000, 0x00000000c2800000, 0x00000000c2900000|  0%| F|  |TAMS 0x00000000c2800000, 0x00000000c2800000| Untracked 
|  13|0x00000000c2900000, 0x00000000c2900000, 0x00000000c2a00000|  0%| F|  |TAMS 0x00000000c2900000, 0x00000000c2900000| Untracked 
|  14|0x00000000c2a00000, 0x00000000c2a00000, 0x00000000c2b00000|  0%| F|  |TAMS 0x00000000c2a00000, 0x00000000c2a00000| Untracked 
|  15|0x00000000c2b00000, 0x00000000c2b00000, 0x00000000c2c00000|  0%| F|  |TAMS 0x00000000c2b00000, 0x00000000c2b00000| Untracked 
|  16|0x00000000c2c00000, 0x00000000c2c00000, 0x00000000c2d00000|  0%| F|  |TAMS 0x00000000c2c00000, 0x00000000c2c00000| Untracked 
|  17|0x00000000c2d00000, 0x00000000c2d00000, 0x00000000c2e00000|  0%| F|  |TAMS 0x00000000c2d00000, 0x00000000c2d00000| Untracked 
|  18|0x00000000c2e00000, 0x00000000c2e00000, 0x00000000c2f00000|  0%| F|  |TAMS 0x00000000c2e00000, 0x00000000c2e00000| Untracked 
|  19|0x00000000c2f00000, 0x00000000c2f00000, 0x00000000c3000000|  0%| F|  |TAMS 0x00000000c2f00000, 0x00000000c2f00000| Untracked 
|  20|0x00000000c3000000, 0x00000000c3000000, 0x00000000c3100000|  0%| F|  |TAMS 0x00000000c3000000, 0x00000000c3000000| Untracked 
|  21|0x00000000c3100000, 0x00000000c3100000, 0x00000000c3200000|  0%| F|  |TAMS 0x00000000c3100000, 0x00000000c3100000| Untracked 
|  22|0x00000000c3200000, 0x00000000c3200000, 0x00000000c3300000|  0%| F|  |TAMS 0x00000000c3200000, 0x00000000c3200000| Untracked 
|  23|0x00000000c3300000, 0x00000000c3300000, 0x00000000c3400000|  0%| F|  |TAMS 0x00000000c3300000, 0x00000000c3300000| Untracked 
|  24|0x00000000c3400000, 0x00000000c3400000, 0x00000000c3500000|  0%| F|  |TAMS 0x00000000c3400000, 0x00000000c3400000| Untracked 
|  25|0x00000000c3500000, 0x00000000c3500000, 0x00000000c3600000|  0%| F|  |TAMS 0x00000000c3500000, 0x00000000c3500000| Untracked 
|  26|0x00000000c3600000, 0x00000000c36bb510, 0x00000000c3700000| 73%| S|CS|TAMS 0x00000000c3600000, 0x00000000c3600000| Complete 
|  27|0x00000000c3700000, 0x00000000c3700000, 0x00000000c3800000|  0%| F|  |TAMS 0x00000000c3700000, 0x00000000c3700000| Untracked 
|  28|0x00000000c3800000, 0x00000000c38cd5e0, 0x00000000c3900000| 80%| E|  |TAMS 0x00000000c3800000, 0x00000000c3800000| Complete 
|  29|0x00000000c3900000, 0x00000000c3a00000, 0x00000000c3a00000|100%| E|CS|TAMS 0x00000000c3900000, 0x00000000c3900000| Complete 
|  30|0x00000000c3a00000, 0x00000000c3b00000, 0x00000000c3b00000|100%| E|CS|TAMS 0x00000000c3a00000, 0x00000000c3a00000| Complete 
|  31|0x00000000c3b00000, 0x00000000c3c00000, 0x00000000c3c00000|100%| E|CS|TAMS 0x00000000c3b00000, 0x00000000c3b00000| Complete 
|  32|0x00000000c3c00000, 0x00000000c3d00000, 0x00000000c3d00000|100%| E|CS|TAMS 0x00000000c3c00000, 0x00000000c3c00000| Complete 
|  33|0x00000000c3d00000, 0x00000000c3e00000, 0x00000000c3e00000|100%| E|  |TAMS 0x00000000c3d00000, 0x00000000c3d00000| Complete 
|  34|0x00000000c3e00000, 0x00000000c3f00000, 0x00000000c3f00000|100%| E|CS|TAMS 0x00000000c3e00000, 0x00000000c3e00000| Complete 
|  35|0x00000000c3f00000, 0x00000000c4000000, 0x00000000c4000000|100%| E|CS|TAMS 0x00000000c3f00000, 0x00000000c3f00000| Complete 
|  36|0x00000000c4000000, 0x00000000c4100000, 0x00000000c4100000|100%| E|CS|TAMS 0x00000000c4000000, 0x00000000c4000000| Complete 
|  37|0x00000000c4100000, 0x00000000c4200000, 0x00000000c4200000|100%| E|CS|TAMS 0x00000000c4100000, 0x00000000c4100000| Complete 
|  38|0x00000000c4200000, 0x00000000c4300000, 0x00000000c4300000|100%| E|CS|TAMS 0x00000000c4200000, 0x00000000c4200000| Complete 
|  39|0x00000000c4300000, 0x00000000c4400000, 0x00000000c4400000|100%| E|CS|TAMS 0x00000000c4300000, 0x00000000c4300000| Complete 
|  40|0x00000000c4400000, 0x00000000c4500000, 0x00000000c4500000|100%| E|CS|TAMS 0x00000000c4400000, 0x00000000c4400000| Complete 
|  41|0x00000000c4500000, 0x00000000c4600000, 0x00000000c4600000|100%| E|CS|TAMS 0x00000000c4500000, 0x00000000c4500000| Complete 
|  42|0x00000000c4600000, 0x00000000c4700000, 0x00000000c4700000|100%| E|CS|TAMS 0x00000000c4600000, 0x00000000c4600000| Complete 
|  43|0x00000000c4700000, 0x00000000c4800000, 0x00000000c4800000|100%| E|CS|TAMS 0x00000000c4700000, 0x00000000c4700000| Complete 
|  44|0x00000000c4800000, 0x00000000c4900000, 0x00000000c4900000|100%| E|CS|TAMS 0x00000000c4800000, 0x00000000c4800000| Complete 
|  45|0x00000000c4900000, 0x00000000c4a00000, 0x00000000c4a00000|100%| E|CS|TAMS 0x00000000c4900000, 0x00000000c4900000| Complete 
|  46|0x00000000c4a00000, 0x00000000c4b00000, 0x00000000c4b00000|100%| E|CS|TAMS 0x00000000c4a00000, 0x00000000c4a00000| Complete 
|  47|0x00000000c4b00000, 0x00000000c4c00000, 0x00000000c4c00000|100%| E|CS|TAMS 0x00000000c4b00000, 0x00000000c4b00000| Complete 
|  48|0x00000000c4c00000, 0x00000000c4d00000, 0x00000000c4d00000|100%| E|CS|TAMS 0x00000000c4c00000, 0x00000000c4c00000| Complete 
|  49|0x00000000c4d00000, 0x00000000c4e00000, 0x00000000c4e00000|100%| E|CS|TAMS 0x00000000c4d00000, 0x00000000c4d00000| Complete 
|  50|0x00000000c4e00000, 0x00000000c4f00000, 0x00000000c4f00000|100%| E|CS|TAMS 0x00000000c4e00000, 0x00000000c4e00000| Complete 
|  51|0x00000000c4f00000, 0x00000000c5000000, 0x00000000c5000000|100%| E|CS|TAMS 0x00000000c4f00000, 0x00000000c4f00000| Complete 
|  52|0x00000000c5000000, 0x00000000c5100000, 0x00000000c5100000|100%| E|CS|TAMS 0x00000000c5000000, 0x00000000c5000000| Complete 
|  53|0x00000000c5100000, 0x00000000c5200000, 0x00000000c5200000|100%| E|CS|TAMS 0x00000000c5100000, 0x00000000c5100000| Complete 
|  54|0x00000000c5200000, 0x00000000c5300000, 0x00000000c5300000|100%| E|CS|TAMS 0x00000000c5200000, 0x00000000c5200000| Complete 
|  55|0x00000000c5300000, 0x00000000c5400000, 0x00000000c5400000|100%| E|CS|TAMS 0x00000000c5300000, 0x00000000c5300000| Complete 
|  56|0x00000000c5400000, 0x00000000c5500000, 0x00000000c5500000|100%| E|CS|TAMS 0x00000000c5400000, 0x00000000c5400000| Complete 
|  57|0x00000000c5500000, 0x00000000c5600000, 0x00000000c5600000|100%| E|CS|TAMS 0x00000000c5500000, 0x00000000c5500000| Complete 
|  58|0x00000000c5600000, 0x00000000c5700000, 0x00000000c5700000|100%| E|CS|TAMS 0x00000000c5600000, 0x00000000c5600000| Complete 
|  59|0x00000000c5700000, 0x00000000c5800000, 0x00000000c5800000|100%| E|CS|TAMS 0x00000000c5700000, 0x00000000c5700000| Complete 
|  60|0x00000000c5800000, 0x00000000c5900000, 0x00000000c5900000|100%| E|CS|TAMS 0x00000000c5800000, 0x00000000c5800000| Complete 
|  61|0x00000000c5900000, 0x00000000c5a00000, 0x00000000c5a00000|100%| E|CS|TAMS 0x00000000c5900000, 0x00000000c5900000| Complete 
|  62|0x00000000c5a00000, 0x00000000c5b00000, 0x00000000c5b00000|100%| E|CS|TAMS 0x00000000c5a00000, 0x00000000c5a00000| Complete 
|  63|0x00000000c5b00000, 0x00000000c5c00000, 0x00000000c5c00000|100%| E|CS|TAMS 0x00000000c5b00000, 0x00000000c5b00000| Complete 

Card table byte_map: [0x0000022f7a9d0000,0x0000022f7abd0000] _byte_map_base: 0x0000022f7a3c2000

Marking Bits (Prev, Next): (CMBitMap*) 0x0000022f7114cea0, (CMBitMap*) 0x0000022f7114cee0
 Prev Bits: [0x0000022f7add0000, 0x0000022f7bd60000)
 Next Bits: [0x0000022f7bd60000, 0x0000022f7ccf0000)

Polling page: 0x0000022f711e0000

Metaspace:

Usage:
  Non-class:      6.54 MB used.
      Class:    531.48 KB used.
       Both:      7.06 MB used.

Virtual space:
  Non-class space:       64.00 MB reserved,       6.62 MB ( 10%) committed,  1 nodes.
      Class space:        1.00 GB reserved,     640.00 KB ( <1%) committed,  1 nodes.
             Both:        1.06 GB reserved,       7.25 MB ( <1%) committed. 

Chunk freelists:
   Non-Class:  7.44 MB
       Class:  15.36 MB
        Both:  22.80 MB

MaxMetaspaceSize: unlimited
CompressedClassSpaceSize: 1.00 GB
Initial GC threshold: 21.00 MB
Current GC threshold: 21.00 MB
CDS: on
MetaspaceReclaimPolicy: balanced
 - commit_granule_bytes: 65536.
 - commit_granule_words: 8192.
 - virtual_space_node_default_size: 8388608.
 - enlarge_chunks_in_place: 1.
 - new_chunks_are_fully_committed: 0.
 - uncommit_free_chunks: 1.
 - use_allocation_guard: 0.
 - handle_deallocations: 1.


Internal statistics:

num_allocs_failed_limit: 0.
num_arena_births: 64.
num_arena_deaths: 0.
num_vsnodes_births: 2.
num_vsnodes_deaths: 0.
num_space_committed: 114.
num_space_uncommitted: 0.
num_chunks_returned_to_freelist: 0.
num_chunks_taken_from_freelist: 257.
num_chunk_merges: 0.
num_chunk_splits: 195.
num_chunks_enlarged: 159.
num_inconsistent_stats: 0.

CodeHeap 'non-profiled nmethods': size=120000Kb used=552Kb max_used=552Kb free=119447Kb
 bounds [0x0000022f07ad0000, 0x0000022f07d40000, 0x0000022f0f000000]
CodeHeap 'profiled nmethods': size=120000Kb used=2828Kb max_used=2828Kb free=117171Kb
 bounds [0x0000022f00000000, 0x0000022f002d0000, 0x0000022f07530000]
CodeHeap 'non-nmethods': size=5760Kb used=1646Kb max_used=1665Kb free=4113Kb
 bounds [0x0000022f07530000, 0x0000022f077a0000, 0x0000022f07ad0000]
 total_blobs=2574 nmethods=1481 adapters=1007
 compilation: enabled
              stopped_count=0, restarted_count=0
 full_count=0

Compilation events (20 events):
Event: 101.865 Thread 0x0000022f7f2e9bb0 nmethod 1465 0x0000022f002b7690 code [0x0000022f002b78a0, 0x0000022f002b7eb8]
Event: 101.866 Thread 0x0000022f7f2e9bb0 1466  s    3       com.badlogic.gdx.assets.AssetManager::get (73 bytes)
Event: 101.869 Thread 0x0000022f7f2e9bb0 nmethod 1466 0x0000022f002b8190 code [0x0000022f002b8420, 0x0000022f002b9098]
Event: 101.869 Thread 0x0000022f7f2e9bb0 1467       3       com.badlogic.gdx.graphics.g2d.TextureRegion::<init> (38 bytes)
Event: 101.871 Thread 0x0000022f7f2e9bb0 nmethod 1467 0x0000022f002b9510 code [0x0000022f002b9700, 0x0000022f002b9bf8]
Event: 102.470 Thread 0x0000022f7f2e9bb0 1468       3       java.lang.Integer::numberOfLeadingZeros (79 bytes)
Event: 102.471 Thread 0x0000022f7f2e9bb0 nmethod 1468 0x0000022f002b9e10 code [0x0000022f002b9fc0, 0x0000022f002ba298]
Event: 102.510 Thread 0x0000022f7f2e9bb0 1469       3       java.util.jar.Manifest::getTrustedAttributes (57 bytes)
Event: 102.514 Thread 0x0000022f7f2e9bb0 nmethod 1469 0x0000022f002ba310 code [0x0000022f002ba580, 0x0000022f002baf18]
Event: 102.521 Thread 0x0000022f7f2e8be0 1470   !   4       jdk.internal.loader.URLClassPath$JarLoader::ensureOpen (36 bytes)
Event: 102.546 Thread 0x0000022f7f2e8be0 nmethod 1470 0x0000022f07b59310 code [0x0000022f07b594e0, 0x0000022f07b59780]
Event: 102.547 Thread 0x0000022f7f2e9bb0 1471       3       java.lang.ClassLoader::compareCerts (197 bytes)
Event: 102.549 Thread 0x0000022f7f2e9bb0 nmethod 1471 0x0000022f002bb290 code [0x0000022f002bb4a0, 0x0000022f002bbd58]
Event: 102.660 Thread 0x0000022f7f2e8be0 1472       4       java.util.jar.JarFile::getEntry (35 bytes)
Event: 102.882 Thread 0x0000022f7f2e9bb0 1473  s    3       com.badlogic.gdx.assets.AssetManager::get (8 bytes)
Event: 102.883 Thread 0x0000022f7f2e9bb0 nmethod 1473 0x0000022f002bc010 code [0x0000022f002bc1c0, 0x0000022f002bc3a8]
Event: 103.006 Thread 0x0000022f7f2e9bb0 1476       3       java.security.CodeSource::<init> (52 bytes)
Event: 103.007 Thread 0x0000022f7f2e9bb0 nmethod 1476 0x0000022f002bc490 code [0x0000022f002bc660, 0x0000022f002bcb98]
Event: 103.007 Thread 0x0000022f7f2e9bb0 1477       3       java.security.SecureClassLoader::defineClass (16 bytes)
Event: 103.008 Thread 0x0000022f7f2e9bb0 nmethod 1477 0x0000022f002bcd10 code [0x0000022f002bcec0, 0x0000022f002bd058]

GC Heap History (10 events):
Event: 2.073 GC heap before
{Heap before GC invocations=0 (full 0):
 garbage-first heap   total 65536K, used 12288K [0x00000000c1c00000, 0x0000000100000000)
  region size 1024K, 13 young (13312K), 0 survivors (0K)
 Metaspace       used 4411K, committed 4544K, reserved 1114112K
  class space    used 300K, committed 384K, reserved 1048576K
}
Event: 2.089 GC heap after
{Heap after GC invocations=1 (full 0):
 garbage-first heap   total 65536K, used 2216K [0x00000000c1c00000, 0x0000000100000000)
  region size 1024K, 2 young (2048K), 2 survivors (2048K)
 Metaspace       used 4411K, committed 4544K, reserved 1114112K
  class space    used 300K, committed 384K, reserved 1048576K
}
Event: 4.273 GC heap before
{Heap before GC invocations=1 (full 0):
 garbage-first heap   total 65536K, used 16552K [0x00000000c1c00000, 0x0000000100000000)
  region size 1024K, 17 young (17408K), 2 survivors (2048K)
 Metaspace       used 6501K, committed 6656K, reserved 1114112K
  class space    used 463K, committed 512K, reserved 1048576K
}
Event: 4.284 GC heap after
{Heap after GC invocations=2 (full 0):
 garbage-first heap   total 65536K, used 2752K [0x00000000c1c00000, 0x0000000100000000)
  region size 1024K, 1 young (1024K), 1 survivors (1024K)
 Metaspace       used 6501K, committed 6656K, reserved 1114112K
  class space    used 463K, committed 512K, reserved 1048576K
}
Event: 10.267 GC heap before
{Heap before GC invocations=2 (full 0):
 garbage-first heap   total 65536K, used 41664K [0x00000000c1c00000, 0x0000000100000000)
  region size 1024K, 15 young (15360K), 1 survivors (1024K)
 Metaspace       used 6626K, committed 6720K, reserved 1114112K
  class space    used 463K, committed 512K, reserved 1048576K
}
Event: 10.271 GC heap after
{Heap after GC invocations=3 (full 0):
 garbage-first heap   total 65536K, used 2773K [0x00000000c1c00000, 0x0000000100000000)
  region size 1024K, 1 young (1024K), 1 survivors (1024K)
 Metaspace       used 6626K, committed 6720K, reserved 1114112K
  class space    used 463K, committed 512K, reserved 1048576K
}
Event: 18.496 GC heap before
{Heap before GC invocations=3 (full 0):
 garbage-first heap   total 65536K, used 40661K [0x00000000c1c00000, 0x0000000100000000)
  region size 1024K, 38 young (38912K), 1 survivors (1024K)
 Metaspace       used 6655K, committed 6784K, reserved 1114112K
  class space    used 463K, committed 512K, reserved 1048576K
}
Event: 18.499 GC heap after
{Heap after GC invocations=4 (full 0):
 garbage-first heap   total 65536K, used 2773K [0x00000000c1c00000, 0x0000000100000000)
  region size 1024K, 1 young (1024K), 1 survivors (1024K)
 Metaspace       used 6655K, committed 6784K, reserved 1114112K
  class space    used 463K, committed 512K, reserved 1048576K
}
Event: 59.826 GC heap before
{Heap before GC invocations=4 (full 0):
 garbage-first heap   total 65536K, used 39637K [0x00000000c1c00000, 0x0000000100000000)
  region size 1024K, 38 young (38912K), 1 survivors (1024K)
 Metaspace       used 6792K, committed 6976K, reserved 1114112K
  class space    used 463K, committed 512K, reserved 1048576K
}
Event: 59.849 GC heap after
{Heap after GC invocations=5 (full 0):
 garbage-first heap   total 65536K, used 2881K [0x00000000c1c00000, 0x0000000100000000)
  region size 1024K, 1 young (1024K), 1 survivors (1024K)
 Metaspace       used 6792K, committed 6976K, reserved 1114112K
  class space    used 463K, committed 512K, reserved 1048576K
}

Deoptimization events (20 events):
Event: 102.503 Thread 0x0000022f71111380 DEOPT PACKING pc=0x0000022f07b548a0 sp=0x000000f1f46fe5b0
Event: 102.503 Thread 0x0000022f71111380 DEOPT UNPACKING pc=0x0000022f0758239d sp=0x000000f1f46fe4e0 mode 2
Event: 103.012 Thread 0x0000022f71111380 DEOPT PACKING pc=0x0000022f0022b924 sp=0x000000f1f46fee30
Event: 103.012 Thread 0x0000022f71111380 DEOPT UNPACKING pc=0x0000022f07582b24 sp=0x000000f1f46fe2c0 mode 0
Event: 103.030 Thread 0x0000022f71111380 Uncommon trap: trap_request=0xffffff45 fr.pc=0x0000022f07b50fdc relative=0x000000000000011c
Event: 103.030 Thread 0x0000022f71111380 Uncommon trap: reason=unstable_if action=reinterpret pc=0x0000022f07b50fdc method=com.badlogic.gdx.scenes.scene2d.Actor.parentToLocalCoordinates(Lcom/badlogic/gdx/math/Vector2;)Lcom/badlogic/gdx/math/Vector2; @ 31 c2
Event: 103.030 Thread 0x0000022f71111380 DEOPT PACKING pc=0x0000022f07b50fdc sp=0x000000f1f46feb00
Event: 103.030 Thread 0x0000022f71111380 DEOPT UNPACKING pc=0x0000022f0758239d sp=0x000000f1f46fea68 mode 2
Event: 103.032 Thread 0x0000022f71111380 Uncommon trap: trap_request=0xffffff45 fr.pc=0x0000022f07b51510 relative=0x0000000000000150
Event: 103.032 Thread 0x0000022f71111380 Uncommon trap: reason=unstable_if action=reinterpret pc=0x0000022f07b51510 method=com.badlogic.gdx.scenes.scene2d.Actor.hit(FFZ)Lcom/badlogic/gdx/scenes/scene2d/Actor; @ 11 c2
Event: 103.032 Thread 0x0000022f71111380 DEOPT PACKING pc=0x0000022f07b51510 sp=0x000000f1f46feb10
Event: 103.032 Thread 0x0000022f71111380 DEOPT UNPACKING pc=0x0000022f0758239d sp=0x000000f1f46feaa8 mode 2
Event: 103.052 Thread 0x0000022f71111380 Uncommon trap: trap_request=0xffffff45 fr.pc=0x0000022f07b3a194 relative=0x00000000000003f4
Event: 103.052 Thread 0x0000022f71111380 Uncommon trap: reason=unstable_if action=reinterpret pc=0x0000022f07b3a194 method=com.badlogic.gdx.graphics.g2d.SpriteBatch.flush()V @ 41 c2
Event: 103.053 Thread 0x0000022f71111380 DEOPT PACKING pc=0x0000022f07b3a194 sp=0x000000f1f46fe8b0
Event: 103.053 Thread 0x0000022f71111380 DEOPT UNPACKING pc=0x0000022f0758239d sp=0x000000f1f46fe860 mode 2
Event: 103.061 Thread 0x0000022f71111380 Uncommon trap: trap_request=0xffffff45 fr.pc=0x0000022f07b58848 relative=0x0000000000000208
Event: 103.061 Thread 0x0000022f71111380 Uncommon trap: reason=unstable_if action=reinterpret pc=0x0000022f07b58848 method=com.badlogic.gdx.graphics.g2d.BitmapFontCache.draw(Lcom/badlogic/gdx/graphics/g2d/Batch;)V @ 29 c2
Event: 103.061 Thread 0x0000022f71111380 DEOPT PACKING pc=0x0000022f07b58848 sp=0x000000f1f46fe750
Event: 103.061 Thread 0x0000022f71111380 DEOPT UNPACKING pc=0x0000022f0758239d sp=0x000000f1f46fe6f0 mode 2

Classes unloaded (0 events):
No events

Classes redefined (0 events):
No events

Internal exceptions (20 events):
Event: 0.777 Thread 0x0000022f71111380 Exception <a 'sun/nio/fs/WindowsException'{0x00000000c55b7d08}> (0x00000000c55b7d08) 
thrown [s\open\src\hotspot\share\prims\jni.cpp, line 516]
Event: 0.778 Thread 0x0000022f71111380 Exception <a 'sun/nio/fs/WindowsException'{0x00000000c55b8258}> (0x00000000c55b8258) 
thrown [s\open\src\hotspot\share\prims\jni.cpp, line 516]
Event: 0.922 Thread 0x0000022f71111380 Exception <a 'java/lang/NoSuchMethodError'{0x00000000c5489160}: 'int java.lang.invoke.DirectMethodHandle$Holder.invokeStaticInit(java.lang.Object, java.lang.Object, int, long)'> (0x00000000c5489160) 
thrown [s\open\src\hotspot\share\interpreter\linkResolver.cpp, line 759]
Event: 0.924 Thread 0x0000022f71111380 Exception <a 'java/lang/NoSuchMethodError'{0x00000000c548ea28}: 'java.lang.Object java.lang.invoke.DirectMethodHandle$Holder.newInvokeSpecial(java.lang.Object, java.lang.Object, int)'> (0x00000000c548ea28) 
thrown [s\open\src\hotspot\share\interpreter\linkResolver.cpp, line 759]
Event: 0.931 Thread 0x0000022f71111380 Exception <a 'java/lang/NoSuchMethodError'{0x00000000c54a3648}: 'int java.lang.invoke.DirectMethodHandle$Holder.invokeStaticInit(java.lang.Object, java.lang.Object, long, long)'> (0x00000000c54a3648) 
thrown [s\open\src\hotspot\share\interpreter\linkResolver.cpp, line 759]
Event: 0.933 Thread 0x0000022f71111380 Exception <a 'java/lang/NoSuchMethodError'{0x00000000c54a9758}: 'java.lang.Object java.lang.invoke.DirectMethodHandle$Holder.newInvokeSpecial(java.lang.Object, java.lang.Object, long)'> (0x00000000c54a9758) 
thrown [s\open\src\hotspot\share\interpreter\linkResolver.cpp, line 759]
Event: 0.935 Thread 0x0000022f71111380 Exception <a 'java/lang/NoSuchMethodError'{0x00000000c54ad7a0}: 'java.lang.Object java.lang.invoke.Invokers$Holder.linkToTargetMethod(java.lang.Object, long, java.lang.Object)'> (0x00000000c54ad7a0) 
thrown [s\open\src\hotspot\share\interpreter\linkResolver.cpp, line 759]
Event: 0.937 Thread 0x0000022f71111380 Exception <a 'java/lang/NoSuchMethodError'{0x00000000c54b4f20}: 'int java.lang.invoke.DirectMethodHandle$Holder.invokeStaticInit(java.lang.Object, java.lang.Object, java.lang.Object, long)'> (0x00000000c54b4f20) 
thrown [s\open\src\hotspot\share\interpreter\linkResolver.cpp, line 759]
Event: 0.996 Thread 0x0000022f71111380 Exception <a 'sun/nio/fs/WindowsException'{0x00000000c53691b0}> (0x00000000c53691b0) 
thrown [s\open\src\hotspot\share\prims\jni.cpp, line 516]
Event: 0.996 Thread 0x0000022f71111380 Exception <a 'sun/nio/fs/WindowsException'{0x00000000c5369540}> (0x00000000c5369540) 
thrown [s\open\src\hotspot\share\prims\jni.cpp, line 516]
Event: 1.078 Thread 0x0000022f71111380 Exception <a 'sun/nio/fs/WindowsException'{0x00000000c522f7b0}> (0x00000000c522f7b0) 
thrown [s\open\src\hotspot\share\prims\jni.cpp, line 516]
Event: 1.078 Thread 0x0000022f71111380 Exception <a 'sun/nio/fs/WindowsException'{0x00000000c522fb10}> (0x00000000c522fb10) 
thrown [s\open\src\hotspot\share\prims\jni.cpp, line 516]
Event: 1.223 Thread 0x0000022f71111380 Exception <a 'sun/nio/fs/WindowsException'{0x00000000c52c9aa0}> (0x00000000c52c9aa0) 
thrown [s\open\src\hotspot\share\prims\jni.cpp, line 516]
Event: 1.223 Thread 0x0000022f71111380 Exception <a 'sun/nio/fs/WindowsException'{0x00000000c52c9e20}> (0x00000000c52c9e20) 
thrown [s\open\src\hotspot\share\prims\jni.cpp, line 516]
Event: 1.353 Thread 0x0000022f71111380 Exception <a 'java/lang/NoSuchMethodError'{0x00000000c5118e18}: 'java.lang.Object java.lang.invoke.DirectMethodHandle$Holder.newInvokeSpecial(java.lang.Object, long)'> (0x00000000c5118e18) 
thrown [s\open\src\hotspot\share\interpreter\linkResolver.cpp, line 759]
Event: 1.853 Thread 0x0000022f71111380 Exception <a 'sun/nio/fs/WindowsException'{0x00000000c50a1760}> (0x00000000c50a1760) 
thrown [s\open\src\hotspot\share\prims\jni.cpp, line 516]
Event: 1.853 Thread 0x0000022f71111380 Exception <a 'sun/nio/fs/WindowsException'{0x00000000c50a1b00}> (0x00000000c50a1b00) 
thrown [s\open\src\hotspot\share\prims\jni.cpp, line 516]
Event: 1.873 Thread 0x0000022f71111380 Exception <a 'sun/nio/fs/WindowsException'{0x00000000c50b2ae8}> (0x00000000c50b2ae8) 
thrown [s\open\src\hotspot\share\prims\jni.cpp, line 516]
Event: 1.873 Thread 0x0000022f71111380 Exception <a 'sun/nio/fs/WindowsException'{0x00000000c50b2db8}> (0x00000000c50b2db8) 
thrown [s\open\src\hotspot\share\prims\jni.cpp, line 516]
Event: 102.466 Thread 0x0000022f71111380 Implicit null exception at 0x0000022f07b2d10e to 0x0000022f07b2d37c

VM Operations (20 events):
Event: 59.524 Executing VM operation: Cleanup
Event: 59.524 Executing VM operation: Cleanup done
Event: 59.826 Executing VM operation: G1CollectForAllocation
Event: 59.849 Executing VM operation: G1CollectForAllocation done
Event: 60.849 Executing VM operation: Cleanup
Event: 60.849 Executing VM operation: Cleanup done
Event: 62.850 Executing VM operation: Cleanup
Event: 62.850 Executing VM operation: Cleanup done
Event: 94.876 Executing VM operation: Cleanup
Event: 94.901 Executing VM operation: Cleanup done
Event: 96.901 Executing VM operation: Cleanup
Event: 96.901 Executing VM operation: Cleanup done
Event: 102.069 Executing VM operation: HandshakeAllThreads
Event: 102.070 Executing VM operation: HandshakeAllThreads done
Event: 102.104 Executing VM operation: HandshakeAllThreads
Event: 102.104 Executing VM operation: HandshakeAllThreads done
Event: 102.656 Executing VM operation: HandshakeAllThreads
Event: 102.656 Executing VM operation: HandshakeAllThreads done
Event: 102.940 Executing VM operation: HandshakeAllThreads
Event: 102.941 Executing VM operation: HandshakeAllThreads done

Events (20 events):
Event: 2.427 loading class java/io/UnsupportedEncodingException done
Event: 2.429 Thread 0x0000022f55cb9f90 Thread added: 0x0000022f55cb9f90
Event: 2.442 loading class java/util/regex/Pattern$1
Event: 2.442 loading class java/util/regex/Pattern$1 done
Event: 2.469 loading class java/util/concurrent/locks/AbstractQueuedSynchronizer$ConditionNode
Event: 2.470 loading class java/util/concurrent/locks/AbstractQueuedSynchronizer$Node
Event: 2.470 loading class java/util/concurrent/locks/AbstractQueuedSynchronizer$Node done
Event: 2.470 loading class java/util/concurrent/locks/AbstractQueuedSynchronizer$ConditionNode done
Event: 2.478 loading class java/util/concurrent/locks/AbstractQueuedSynchronizer$ExclusiveNode
Event: 2.478 loading class java/util/concurrent/locks/AbstractQueuedSynchronizer$ExclusiveNode done
Event: 2.575 loading class jdk/internal/math/FDBigInteger
Event: 2.576 loading class jdk/internal/math/FDBigInteger done
Event: 2.981 loading class java/lang/reflect/InvocationTargetException
Event: 2.982 loading class java/lang/reflect/InvocationTargetException done
Event: 2.984 loading class java/lang/NegativeArraySizeException
Event: 2.985 loading class java/lang/NegativeArraySizeException done
Event: 2.985 loading class java/lang/StringIndexOutOfBoundsException
Event: 2.985 loading class java/lang/StringIndexOutOfBoundsException done
Event: 3.507 loading class java/io/EOFException
Event: 3.507 loading class java/io/EOFException done


Dynamic libraries:
0x00007ff730150000 - 0x00007ff730160000 	C:\Program Files\Java\jdk-17\bin\java.exe
0x00007ff916470000 - 0x00007ff916668000 	C:\WINDOWS\SYSTEM32\ntdll.dll
0x00007ff915410000 - 0x00007ff9154cd000 	C:\WINDOWS\System32\KERNEL32.DLL
0x00007ff914090000 - 0x00007ff914386000 	C:\WINDOWS\System32\KERNELBASE.dll
0x00007ff913ef0000 - 0x00007ff913ff0000 	C:\WINDOWS\System32\ucrtbase.dll
0x00007ff9052c0000 - 0x00007ff9052db000 	C:\Program Files\Java\jdk-17\bin\VCRUNTIME140.dll
0x00007ff905100000 - 0x00007ff905119000 	C:\Program Files\Java\jdk-17\bin\jli.dll
0x00007ff915530000 - 0x00007ff9155e3000 	C:\WINDOWS\System32\ADVAPI32.dll
0x00007ff915fb0000 - 0x00007ff91604e000 	C:\WINDOWS\System32\msvcrt.dll
0x00007ff915f10000 - 0x00007ff915faf000 	C:\WINDOWS\System32\sechost.dll
0x00007ff915de0000 - 0x00007ff915f06000 	C:\WINDOWS\System32\RPCRT4.dll
0x00007ff913cf0000 - 0x00007ff913d17000 	C:\WINDOWS\System32\bcrypt.dll
0x00007ff915270000 - 0x00007ff91540e000 	C:\WINDOWS\System32\USER32.dll
0x00007ff8f3420000 - 0x00007ff8f36ba000 	C:\WINDOWS\WinSxS\amd64_microsoft.windows.common-controls_6595b64144ccf1df_6.0.19041.3636_none_60b6a03d71f818d5\COMCTL32.dll
0x00007ff913ff0000 - 0x00007ff914012000 	C:\WINDOWS\System32\win32u.dll
0x00007ff914680000 - 0x00007ff9146ac000 	C:\WINDOWS\System32\GDI32.dll
0x00007ff913dd0000 - 0x00007ff913eea000 	C:\WINDOWS\System32\gdi32full.dll
0x00007ff914390000 - 0x00007ff91442d000 	C:\WINDOWS\System32\msvcp_win.dll
0x00007ff90cc50000 - 0x00007ff90cc5a000 	C:\WINDOWS\SYSTEM32\VERSION.dll
0x00007ff914eb0000 - 0x00007ff914ee0000 	C:\WINDOWS\System32\IMM32.DLL
0x00007ff90b500000 - 0x00007ff90b50c000 	C:\Program Files\Java\jdk-17\bin\vcruntime140_1.dll
0x00007ff8ec9c0000 - 0x00007ff8eca4e000 	C:\Program Files\Java\jdk-17\bin\msvcp140.dll
0x00007ff8acdc0000 - 0x00007ff8ad9a1000 	C:\Program Files\Java\jdk-17\bin\server\jvm.dll
0x00007ff914670000 - 0x00007ff914678000 	C:\WINDOWS\System32\PSAPI.DLL
0x00007ff8faef0000 - 0x00007ff8faef9000 	C:\WINDOWS\SYSTEM32\WSOCK32.dll
0x00007ff8f32b0000 - 0x00007ff8f32d7000 	C:\WINDOWS\SYSTEM32\WINMM.dll
0x00007ff915d70000 - 0x00007ff915ddb000 	C:\WINDOWS\System32\WS2_32.dll
0x00007ff9119d0000 - 0x00007ff9119e2000 	C:\WINDOWS\SYSTEM32\kernel.appcore.dll
0x00007ff90a170000 - 0x00007ff90a17a000 	C:\Program Files\Java\jdk-17\bin\jimage.dll
0x00007ff90e9c0000 - 0x00007ff90eba4000 	C:\WINDOWS\SYSTEM32\DBGHELP.DLL
0x00007ff90b0f0000 - 0x00007ff90b124000 	C:\WINDOWS\SYSTEM32\dbgcore.DLL
0x00007ff914430000 - 0x00007ff9144b2000 	C:\WINDOWS\System32\bcryptPrimitives.dll
0x00007ff8f54b0000 - 0x00007ff8f54d5000 	C:\Program Files\Java\jdk-17\bin\java.dll
0x00007ff8e0350000 - 0x00007ff8e0427000 	C:\Program Files\Java\jdk-17\bin\jsvml.dll
0x00007ff914760000 - 0x00007ff914ea5000 	C:\WINDOWS\System32\SHELL32.dll
0x00007ff911bf0000 - 0x00007ff91238b000 	C:\WINDOWS\SYSTEM32\windows.storage.dll
0x00007ff916050000 - 0x00007ff9163a4000 	C:\WINDOWS\System32\combase.dll
0x00007ff9134f0000 - 0x00007ff91351d000 	C:\WINDOWS\SYSTEM32\Wldp.dll
0x00007ff9146b0000 - 0x00007ff91475d000 	C:\WINDOWS\System32\SHCORE.dll
0x00007ff9154d0000 - 0x00007ff915525000 	C:\WINDOWS\System32\shlwapi.dll
0x00007ff913a70000 - 0x00007ff913a95000 	C:\WINDOWS\SYSTEM32\profapi.dll
0x00007ff9050e0000 - 0x00007ff9050f9000 	C:\Program Files\Java\jdk-17\bin\net.dll
0x00007ff90ef00000 - 0x00007ff90f00a000 	C:\WINDOWS\SYSTEM32\WINHTTP.dll
0x00007ff913260000 - 0x00007ff9132ca000 	C:\WINDOWS\system32\mswsock.dll
0x00007ff8f6cf0000 - 0x00007ff8f6d06000 	C:\Program Files\Java\jdk-17\bin\nio.dll
0x00007ff8f58f0000 - 0x00007ff8f5908000 	C:\Program Files\Java\jdk-17\bin\zip.dll
0x000000006e700000 - 0x000000006e72d000 	C:\Users\forse\AppData\Local\Temp\libgdxforse\6b998561\gdx64.dll
0x00007ff8f7b80000 - 0x00007ff8f7bfb000 	C:\Users\forse\AppData\Local\Temp\lwjgl_forse\3.3.3+5\x64\lwjgl.dll
0x00007ff8eaff0000 - 0x00007ff8eb260000 	C:\Users\forse\AppData\Local\Temp\lwjgl_forse\3.3.3+5\x64\jemalloc.dll
0x00007ff8f5b40000 - 0x00007ff8f5bc2000 	C:\Users\forse\AppData\Local\Temp\lwjgl_forse\3.3.3+5\x64\glfw.dll
0x00007ff8f6d70000 - 0x00007ff8f6db5000 	C:\WINDOWS\SYSTEM32\dinput8.dll
0x00007ff90b550000 - 0x00007ff90b561000 	C:\WINDOWS\SYSTEM32\xinput1_4.dll
0x00007ff913ca0000 - 0x00007ff913cee000 	C:\WINDOWS\System32\cfgmgr32.dll
0x00007ff9138e0000 - 0x00007ff913913000 	C:\WINDOWS\SYSTEM32\DEVOBJ.dll
0x00007ff9116e0000 - 0x00007ff91170f000 	C:\WINDOWS\SYSTEM32\dwmapi.dll
0x00007ff904900000 - 0x00007ff904a52000 	C:\WINDOWS\SYSTEM32\inputhost.dll
0x00007ff915b50000 - 0x00007ff915c1d000 	C:\WINDOWS\System32\OLEAUT32.dll
0x00007ff910a40000 - 0x00007ff910b32000 	C:\WINDOWS\SYSTEM32\CoreMessaging.dll
0x00007ff90edb0000 - 0x00007ff90eea6000 	C:\WINDOWS\SYSTEM32\PROPSYS.dll
0x00007ff910b90000 - 0x00007ff910eeb000 	C:\WINDOWS\SYSTEM32\CoreUIComponents.dll
0x00007ff90fcd0000 - 0x00007ff90fe25000 	C:\WINDOWS\SYSTEM32\wintypes.dll
0x00007ff912c70000 - 0x00007ff912ca3000 	C:\WINDOWS\SYSTEM32\ntmarta.dll
0x00007ff911500000 - 0x00007ff91159e000 	C:\WINDOWS\system32\uxtheme.dll
0x00007ff915090000 - 0x00007ff9151a4000 	C:\WINDOWS\System32\MSCTF.dll
0x00007ff8ebe30000 - 0x00007ff8ebff7000 	C:\Users\forse\AppData\Local\Temp\lwjgl_forse\3.3.3+5\x64\OpenAL.dll
0x00007ff914f60000 - 0x00007ff91508b000 	C:\WINDOWS\System32\ole32.dll
0x00007ff9151b0000 - 0x00007ff915259000 	C:\WINDOWS\System32\clbcatq.dll
0x00007ff90d500000 - 0x00007ff90d585000 	C:\WINDOWS\System32\MMDevApi.dll
0x00007ff90d590000 - 0x00007ff90d712000 	C:\WINDOWS\SYSTEM32\AUDIOSES.DLL
0x00007ff9136b0000 - 0x00007ff9136fb000 	C:\WINDOWS\SYSTEM32\powrprof.dll
0x00007ff913690000 - 0x00007ff9136a2000 	C:\WINDOWS\SYSTEM32\UMPDC.dll
0x00007ff9115e0000 - 0x00007ff9115f4000 	C:\WINDOWS\SYSTEM32\resourcepolicyclient.dll
0x00007ff8e1950000 - 0x00007ff8e1a75000 	C:\WINDOWS\SYSTEM32\opengl32.dll
0x00007ff8f00e0000 - 0x00007ff8f010c000 	C:\WINDOWS\SYSTEM32\GLU32.dll
0x00007ff90be60000 - 0x00007ff90bf62000 	C:\Windows\System32\AppXDeploymentClient.dll
0x00007ff8ab170000 - 0x00007ff8ac135000 	C:\WINDOWS\System32\DriverStore\FileRepository\iigd_dch.inf_amd64_dc16e5f1dbf8051f\ig9icd64.dll
0x00007ff9123f0000 - 0x00007ff9124e3000 	C:\WINDOWS\system32\dxgi.dll
0x00007ff900610000 - 0x00007ff90084f000 	C:\WINDOWS\System32\DriverStore\FileRepository\iigd_dch.inf_amd64_dc16e5f1dbf8051f\igdgmm64.dll
0x00007ff8fd9a0000 - 0x00007ff900602000 	C:\WINDOWS\System32\DriverStore\FileRepository\iigd_dch.inf_amd64_dc16e5f1dbf8051f\igc64.dll
0x00007ff8ac5a0000 - 0x00007ff8ac9b5000 	C:\WINDOWS\System32\DriverStore\FileRepository\iigd_dch.inf_amd64_dc16e5f1dbf8051f\igdml64.dll
0x00007ff8f5750000 - 0x00007ff8f57ae000 	C:\Users\forse\AppData\Local\Temp\lwjgl_forse\3.3.3+5\x64\lwjgl_opengl.dll
0x00007ff904a60000 - 0x00007ff904b59000 	C:\WINDOWS\SYSTEM32\textinputframework.dll
0x00007ff8ea480000 - 0x00007ff8ea4e6000 	C:\WINDOWS\system32\Oleacc.dll
0x00007ff903260000 - 0x00007ff9032ca000 	C:\WINDOWS\system32\Ninput.dll

dbghelp: loaded successfully - version: 4.0.5 - missing functions: none
symbol engine: initialized successfully - sym options: 0x614 - pdb path: .;C:\Program Files\Java\jdk-17\bin;C:\WINDOWS\SYSTEM32;C:\WINDOWS\WinSxS\amd64_microsoft.windows.common-controls_6595b64144ccf1df_6.0.19041.3636_none_60b6a03d71f818d5;C:\Program Files\Java\jdk-17\bin\server;C:\Users\forse\AppData\Local\Temp\libgdxforse\6b998561;C:\Users\forse\AppData\Local\Temp\lwjgl_forse\3.3.3+5\x64;C:\WINDOWS\System32\DriverStore\FileRepository\iigd_dch.inf_amd64_dc16e5f1dbf8051f

VM Arguments:
jvm_args: -Dfile.encoding=windows-1252 -Duser.country=US -Duser.language=en -Duser.variant 
java_command: com.noodle.DesktopLauncher
java_class_path (initial): C:\Users\forse\Documents\Noodle\desktop\build\classes\java\main;C:\Users\forse\Documents\Noodle\desktop\build\resources\main;C:\Users\forse\.gradle\caches\modules-2\files-2.1\com.badlogicgames.gdx\gdx-backend-lwjgl3\1.12.2-SNAPSHOT\24f6bda875e3642a0eacb715de18670dfb2824ca\gdx-backend-lwjgl3-1.12.2-SNAPSHOT.jar;C:\Users\forse\.gradle\caches\modules-2\files-2.1\com.badlogicgames.gdx\gdx-platform\1.12.2-SNAPSHOT\c7fc2cd924fc9db6c140eb304049df2562412f70\gdx-platform-1.12.2-SNAPSHOT-natives-desktop.jar;C:\Users\forse\Documents\Noodle\core\build\libs\core-1.0.jar;C:\Users\forse\.gradle\caches\modules-2\files-2.1\com.badlogicgames.gdx\gdx\1.12.2-SNAPSHOT\8696221d1f8e3490420c5c7daf6368046bed80f2\gdx-1.12.2-SNAPSHOT.jar;C:\Users\forse\.gradle\caches\modules-2\files-2.1\org.lwjgl\lwjgl-glfw\3.3.3\efa1eb78c5ccd840e9f329717109b5e892d72f8e\lwjgl-glfw-3.3.3.jar;C:\Users\forse\.gradle\caches\modules-2\files-2.1\org.lwjgl\lwjgl-glfw\3.3.3\a03684c5e4b1b1dbbe0d29dbbdc27b985b6840f2\lwjgl-glfw-3.3.3-natives-linux.jar;C:\Users\forse\.gradle\caches\modules-2\files-2.1\org.lwjgl\lwjgl-glfw\3.3.3\d9af485c32545b37dd5359b163161d42d7534dcf\lwjgl-glfw-3.3.3-natives-linux-arm32.jar;C:\Users\forse\.gradle\caches\modules-2\files-2.1\org.lwjgl\lwjgl-glfw\3.3.3\492a0f11f85b85899a6568f07511160c1b87cd38\lwjgl-glfw-3.3.3-natives-linux-arm64.jar;C:\Users\forse\.gradle\caches\modules-2\files-2.1\org.lwjgl\lwjgl-glfw\3.3.3\a1bf400f6bc64e6195596cb1430dafda46090751\lwjgl-glfw-3.3.3-natives-macos.jar;C:\Users\forse\.gradle\caches\modules-2\files-2.1\org.lwjgl\lwjgl-glfw\3.3.3\ee8cc78d0a4a5b3b4600fade6d927c9fc320c858\lwjgl-glfw-3.3.3-natives-macos-arm64.jar;C:\Users\forse\.gradle\caches\modules-2\files-2.1\org.lwjgl\lwjgl-glfw\3.3.3\e449e28b4891fc423c54c85fbc5bb0b9efece67a\lwjgl-glfw-3.3.3-natives-windows.jar;C:\Users\forse\.gradle\caches\modules-2\files-2.1\org.lwjgl\lwjgl-glfw\3.3.3\32334f3fd5270a59bad9939a93115acb6de36dcf\lwjgl-glfw-3.3.3-natives-windows-x86.jar;C:\Users\forse
Launcher Type: SUN_STANDARD

[Global flags]
     intx CICompilerCount                          = 3                                         {product} {ergonomic}
     uint ConcGCThreads                            = 1                                         {product} {ergonomic}
     uint G1ConcRefinementThreads                  = 4                                         {product} {ergonomic}
   size_t G1HeapRegionSize                         = 1048576                                   {product} {ergonomic}
    uintx GCDrainStackTargetSize                   = 64                                        {product} {ergonomic}
   size_t InitialHeapSize                          = 67108864                                  {product} {ergonomic}
   size_t MarkStackSize                            = 4194304                                   {product} {ergonomic}
   size_t MaxHeapSize                              = 1044381696                                {product} {ergonomic}
   size_t MaxNewSize                               = 625999872                                 {product} {ergonomic}
   size_t MinHeapDeltaBytes                        = 1048576                                   {product} {ergonomic}
   size_t MinHeapSize                              = 8388608                                   {product} {ergonomic}
    uintx NonNMethodCodeHeapSize                   = 5832780                                {pd product} {ergonomic}
    uintx NonProfiledCodeHeapSize                  = 122912730                              {pd product} {ergonomic}
    uintx ProfiledCodeHeapSize                     = 122912730                              {pd product} {ergonomic}
    uintx ReservedCodeCacheSize                    = 251658240                              {pd product} {ergonomic}
     bool SegmentedCodeCache                       = true                                      {product} {ergonomic}
   size_t SoftMaxHeapSize                          = 1044381696                             {manageable} {ergonomic}
     bool UseCompressedClassPointers               = true                           {product lp64_product} {ergonomic}
     bool UseCompressedOops                        = true                           {product lp64_product} {ergonomic}
     bool UseG1GC                                  = true                                      {product} {ergonomic}
     bool UseLargePagesIndividualAllocation        = false                                  {pd product} {ergonomic}

Logging:
Log output configuration:
 #0: stdout all=warning uptime,level,tags
 #1: stderr all=off uptime,level,tags

Environment Variables:
JAVA_HOME=C:\Program Files\Java\jdk-17
CLASSPATH=C:\Users\forse\Documents\Noodle\\gradle\wrapper\gradle-wrapper.jar
PATH=C:\Program Files\Common Files\Oracle\Java\javapath;C:\WINDOWS\system32;C:\WINDOWS;C:\WINDOWS\System32\Wbem;C:\WINDOWS\System32\WindowsPowerShell\v1.0\;C:\WINDOWS\System32\OpenSSH\;C:\Program Files\Java\jdk-17\bin;C:\Program Files\Git\cmd;C:\Program Files\Git\bin;C:\Users\forse\AppData\Local\Microsoft\WindowsApps;C:\Users\forse\AppData\Local\Android\cmdline-tools\latest\bin;C:\Program Files\Java\jdk-17\bin;C:\Users\forse\AppData\Local\Microsoft\WinGet\Packages\cURL.cURL_Microsoft.Winget.Source_8wekyb3d8bbwe\curl-8.2.1_4-win64-mingw\bin;
USERNAME=forse
OS=Windows_NT
PROCESSOR_IDENTIFIER=Intel64 Family 6 Model 142 Stepping 9, GenuineIntel



---------------  S Y S T E M  ---------------

OS:
 Windows 10 , 64 bit Build 19041 (10.0.19041.3636)
OS uptime: 0 days 11:31 hours

CPU: total 4 (initial active 4) (2 cores per cpu, 2 threads per core) family 6 model 142 stepping 9 microcode 0xf0, cx8, cmov, fxsr, ht, mmx, 3dnowpref, sse, sse2, sse3, ssse3, sse4.1, sse4.2, popcnt, lzcnt, tsc, tscinvbit, aes, erms, clmul, clflush, clflushopt

Memory: 4k page, system-wide physical 3980M (316M free)
TotalPageFile size 11262M (AvailPageFile size 15M)
current process WorkingSet (physical memory assigned to process): 1351M, peak: 1460M
current process commit charge ("private bytes"): 3484M, peak: 3485M

vm_info: Java HotSpot(TM) 64-Bit Server VM (17.0.9+11-LTS-201) for windows-amd64 JRE (17.0.9+11-LTS-201), built on Oct 10 2023 23:16:06 by "mach5one" with MS VC++ 17.1 (VS2022)

END.
